[error] Failed to fetch Firebase Project from Studio Workspace because WORKSPACE_SLUG environment variable is empty
[error] Failed to fetch Firebase Project from Studio Workspace because WORKSPACE_SLUG environment variable is empty
[error] Failed to fetch Firebase Project from Studio Workspace because WORKSPACE_SLUG environment variable is empty
[error] Failed to fetch Firebase Project from Studio Workspace because WORKSPACE_SLUG environment variable is empty
[debug] [2025-11-01T13:54:44.412Z] > command requires scopes: ["email","openid","https://www.googleapis.com/auth/cloudplatformprojects.readonly","https://www.googleapis.com/auth/firebase","https://www.googleapis.com/auth/cloud-platform","https://www.googleapis.com/auth/userinfo.email"]
[debug] [2025-11-01T13:54:44.416Z] > command requires scopes: ["email","openid","https://www.googleapis.com/auth/cloudplatformprojects.readonly","https://www.googleapis.com/auth/firebase","https://www.googleapis.com/auth/cloud-platform","https://www.googleapis.com/auth/userinfo.email"]
[error] Failed to fetch Firebase Project from Studio Workspace because WORKSPACE_SLUG environment variable is empty
[error] Failed to fetch Firebase Project from Studio Workspace because WORKSPACE_SLUG environment variable is empty
[error] Failed to fetch Firebase Project from Studio Workspace because WORKSPACE_SLUG environment variable is empty
[debug] [2025-11-01T13:54:49.183Z] > command requires scopes: ["email","openid","https://www.googleapis.com/auth/cloudplatformprojects.readonly","https://www.googleapis.com/auth/firebase","https://www.googleapis.com/auth/cloud-platform","https://www.googleapis.com/auth/userinfo.email"]
[error] Failed to fetch Firebase Project from Studio Workspace because WORKSPACE_SLUG environment variable is empty
[debug] [2025-11-01T13:54:51.314Z] > command requires scopes: ["email","openid","https://www.googleapis.com/auth/cloudplatformprojects.readonly","https://www.googleapis.com/auth/firebase","https://www.googleapis.com/auth/cloud-platform","https://www.googleapis.com/auth/userinfo.email"]
[error] Failed to fetch Firebase Project from Studio Workspace because WORKSPACE_SLUG environment variable is empty
[error] Failed to fetch Firebase Project from Studio Workspace because WORKSPACE_SLUG environment variable is empty
[error] Failed to fetch Firebase Project from Studio Workspace because WORKSPACE_SLUG environment variable is empty
[error] Failed to fetch Firebase Project from Studio Workspace because WORKSPACE_SLUG environment variable is empty
[debug] [2025-11-01T13:59:45.072Z] > command requires scopes: ["email","openid","https://www.googleapis.com/auth/cloudplatformprojects.readonly","https://www.googleapis.com/auth/firebase","https://www.googleapis.com/auth/cloud-platform","https://www.googleapis.com/auth/userinfo.email"]
[debug] [2025-11-01T13:59:45.082Z] > command requires scopes: ["email","openid","https://www.googleapis.com/auth/cloudplatformprojects.readonly","https://www.googleapis.com/auth/firebase","https://www.googleapis.com/auth/cloud-platform","https://www.googleapis.com/auth/userinfo.email"]
[debug] [2025-11-01T14:00:05.545Z] Running auto auth
[debug] [2025-11-01T14:00:05.556Z] Running auto auth
[error] Failed to fetch Firebase Project from Studio Workspace because WORKSPACE_SLUG environment variable is empty
[error] Failed to fetch Firebase Project from Studio Workspace because WORKSPACE_SLUG environment variable is empty
[error] Failed to fetch Firebase Project from Studio Workspace because WORKSPACE_SLUG environment variable is empty
[debug] [2025-11-01T14:00:05.660Z] > command requires scopes: ["email","openid","https://www.googleapis.com/auth/cloudplatformprojects.readonly","https://www.googleapis.com/auth/firebase","https://www.googleapis.com/auth/cloud-platform","https://www.googleapis.com/auth/userinfo.email"]
[debug] [2025-11-01T14:00:05.660Z] > authorizing via signed-in user (mohammadyasin9064@gmail.com)
[error] Failed to fetch Firebase Project from Studio Workspace because WORKSPACE_SLUG environment variable is empty
[debug] [2025-11-01T14:00:05.661Z] > command requires scopes: ["email","openid","https://www.googleapis.com/auth/cloudplatformprojects.readonly","https://www.googleapis.com/auth/firebase","https://www.googleapis.com/auth/cloud-platform","https://www.googleapis.com/auth/userinfo.email"]
[debug] [2025-11-01T14:00:05.662Z] > authorizing via signed-in user (mohammadyasin9064@gmail.com)
[error] Failed to fetch Firebase Project from Studio Workspace because WORKSPACE_SLUG environment variable is empty
[error] Failed to fetch Firebase Project from Studio Workspace because WORKSPACE_SLUG environment variable is empty
[error] Failed to fetch Firebase Project from Studio Workspace because WORKSPACE_SLUG environment variable is empty
[error] Failed to fetch Firebase Project from Studio Workspace because WORKSPACE_SLUG environment variable is empty
[error] Failed to fetch Firebase Project from Studio Workspace because WORKSPACE_SLUG environment variable is empty
[error] Failed to fetch Firebase Project from Studio Workspace because WORKSPACE_SLUG environment variable is empty
[debug] [2025-11-01T14:00:05.694Z] > command requires scopes: ["email","openid","https://www.googleapis.com/auth/cloudplatformprojects.readonly","https://www.googleapis.com/auth/firebase","https://www.googleapis.com/auth/cloud-platform","https://www.googleapis.com/auth/userinfo.email"]
[debug] [2025-11-01T14:00:05.694Z] > authorizing via signed-in user (mohammadyasin9064@gmail.com)
[debug] [2025-11-01T14:00:05.695Z] > command requires scopes: ["email","openid","https://www.googleapis.com/auth/cloudplatformprojects.readonly","https://www.googleapis.com/auth/firebase","https://www.googleapis.com/auth/cloud-platform","https://www.googleapis.com/auth/userinfo.email"]
[debug] [2025-11-01T14:00:05.695Z] > authorizing via signed-in user (mohammadyasin9064@gmail.com)
[error] Failed to fetch Firebase Project from Studio Workspace because WORKSPACE_SLUG environment variable is empty
[error] Failed to fetch Firebase Project from Studio Workspace because WORKSPACE_SLUG environment variable is empty
[debug] [2025-11-01T14:00:05.698Z] > command requires scopes: ["email","openid","https://www.googleapis.com/auth/cloudplatformprojects.readonly","https://www.googleapis.com/auth/firebase","https://www.googleapis.com/auth/cloud-platform","https://www.googleapis.com/auth/userinfo.email"]
[debug] [2025-11-01T14:00:05.698Z] > authorizing via signed-in user (mohammadyasin9064@gmail.com)
[debug] [2025-11-01T14:00:05.698Z] > command requires scopes: ["email","openid","https://www.googleapis.com/auth/cloudplatformprojects.readonly","https://www.googleapis.com/auth/firebase","https://www.googleapis.com/auth/cloud-platform","https://www.googleapis.com/auth/userinfo.email"]
[debug] [2025-11-01T14:00:05.698Z] > authorizing via signed-in user (mohammadyasin9064@gmail.com)
[error] Failed to fetch Firebase Project from Studio Workspace because WORKSPACE_SLUG environment variable is empty
[error] Failed to fetch Firebase Project from Studio Workspace because WORKSPACE_SLUG environment variable is empty
[error] Failed to fetch Firebase Project from Studio Workspace because WORKSPACE_SLUG environment variable is empty
[error] Failed to fetch Firebase Project from Studio Workspace because WORKSPACE_SLUG environment variable is empty
[debug] [2025-11-01T14:04:23.973Z] > command requires scopes: ["email","openid","https://www.googleapis.com/auth/cloudplatformprojects.readonly","https://www.googleapis.com/auth/firebase","https://www.googleapis.com/auth/cloud-platform","https://www.googleapis.com/auth/userinfo.email"]
[debug] [2025-11-01T14:04:23.974Z] > authorizing via signed-in user (mohammadyasin9064@gmail.com)
[debug] [2025-11-01T14:04:24.005Z] > command requires scopes: ["email","openid","https://www.googleapis.com/auth/cloudplatformprojects.readonly","https://www.googleapis.com/auth/firebase","https://www.googleapis.com/auth/cloud-platform","https://www.googleapis.com/auth/userinfo.email"]
[debug] [2025-11-01T14:04:24.006Z] > authorizing via signed-in user (mohammadyasin9064@gmail.com)
[error] Failed to fetch Firebase Project from Studio Workspace because WORKSPACE_SLUG environment variable is empty
[error] Failed to fetch Firebase Project from Studio Workspace because WORKSPACE_SLUG environment variable is empty
[error] Failed to fetch Firebase Project from Studio Workspace because WORKSPACE_SLUG environment variable is empty
[debug] [2025-11-01T14:04:24.089Z] > command requires scopes: ["email","openid","https://www.googleapis.com/auth/cloudplatformprojects.readonly","https://www.googleapis.com/auth/firebase","https://www.googleapis.com/auth/cloud-platform","https://www.googleapis.com/auth/userinfo.email"]
[debug] [2025-11-01T14:04:24.089Z] > authorizing via signed-in user (mohammadyasin9064@gmail.com)
[error] Failed to fetch Firebase Project from Studio Workspace because WORKSPACE_SLUG environment variable is empty
[debug] [2025-11-01T14:04:24.093Z] > command requires scopes: ["email","openid","https://www.googleapis.com/auth/cloudplatformprojects.readonly","https://www.googleapis.com/auth/firebase","https://www.googleapis.com/auth/cloud-platform","https://www.googleapis.com/auth/userinfo.email"]
[debug] [2025-11-01T14:04:24.093Z] > authorizing via signed-in user (mohammadyasin9064@gmail.com)
[error] Failed to fetch Firebase Project from Studio Workspace because WORKSPACE_SLUG environment variable is empty
[error] Failed to fetch Firebase Project from Studio Workspace because WORKSPACE_SLUG environment variable is empty
[error] Failed to fetch Firebase Project from Studio Workspace because WORKSPACE_SLUG environment variable is empty
[debug] [2025-11-01T14:04:24.129Z] > command requires scopes: ["email","openid","https://www.googleapis.com/auth/cloudplatformprojects.readonly","https://www.googleapis.com/auth/firebase","https://www.googleapis.com/auth/cloud-platform","https://www.googleapis.com/auth/userinfo.email"]
[debug] [2025-11-01T14:04:24.138Z] > authorizing via signed-in user (mohammadyasin9064@gmail.com)
[error] Failed to fetch Firebase Project from Studio Workspace because WORKSPACE_SLUG environment variable is empty
[debug] [2025-11-01T14:04:24.140Z] > command requires scopes: ["email","openid","https://www.googleapis.com/auth/cloudplatformprojects.readonly","https://www.googleapis.com/auth/firebase","https://www.googleapis.com/auth/cloud-platform","https://www.googleapis.com/auth/userinfo.email"]
[debug] [2025-11-01T14:04:24.140Z] > authorizing via signed-in user (mohammadyasin9064@gmail.com)
[error] Failed to fetch Firebase Project from Studio Workspace because WORKSPACE_SLUG environment variable is empty
[error] Failed to fetch Firebase Project from Studio Workspace because WORKSPACE_SLUG environment variable is empty
[error] Failed to fetch Firebase Project from Studio Workspace because WORKSPACE_SLUG environment variable is empty
[debug] [2025-11-01T14:04:24.147Z] > command requires scopes: ["email","openid","https://www.googleapis.com/auth/cloudplatformprojects.readonly","https://www.googleapis.com/auth/firebase","https://www.googleapis.com/auth/cloud-platform","https://www.googleapis.com/auth/userinfo.email"]
[debug] [2025-11-01T14:04:24.148Z] > authorizing via signed-in user (mohammadyasin9064@gmail.com)
[error] Failed to fetch Firebase Project from Studio Workspace because WORKSPACE_SLUG environment variable is empty
[debug] [2025-11-01T14:04:24.150Z] > command requires scopes: ["email","openid","https://www.googleapis.com/auth/cloudplatformprojects.readonly","https://www.googleapis.com/auth/firebase","https://www.googleapis.com/auth/cloud-platform","https://www.googleapis.com/auth/userinfo.email"]
[debug] [2025-11-01T14:04:24.150Z] > authorizing via signed-in user (mohammadyasin9064@gmail.com)
[error] Failed to fetch Firebase Project from Studio Workspace because WORKSPACE_SLUG environment variable is empty
[error] Failed to fetch Firebase Project from Studio Workspace because WORKSPACE_SLUG environment variable is empty
[error] Failed to fetch Firebase Project from Studio Workspace because WORKSPACE_SLUG environment variable is empty
[error] Failed to fetch Firebase Project from Studio Workspace because WORKSPACE_SLUG environment variable is empty
[debug] [2025-11-01T14:07:13.652Z] > command requires scopes: ["email","openid","https://www.googleapis.com/auth/cloudplatformprojects.readonly","https://www.googleapis.com/auth/firebase","https://www.googleapis.com/auth/cloud-platform","https://www.googleapis.com/auth/userinfo.email"]
[debug] [2025-11-01T14:07:13.653Z] > authorizing via signed-in user (mohammadyasin9064@gmail.com)
[debug] [2025-11-01T14:07:13.668Z] > command requires scopes: ["email","openid","https://www.googleapis.com/auth/cloudplatformprojects.readonly","https://www.googleapis.com/auth/firebase","https://www.googleapis.com/auth/cloud-platform","https://www.googleapis.com/auth/userinfo.email"]
[debug] [2025-11-01T14:07:13.668Z] > authorizing via signed-in user (mohammadyasin9064@gmail.com)
[error] Failed to fetch Firebase Project from Studio Workspace because WORKSPACE_SLUG environment variable is empty
[error] Failed to fetch Firebase Project from Studio Workspace because WORKSPACE_SLUG environment variable is empty
[error] Failed to fetch Firebase Project from Studio Workspace because WORKSPACE_SLUG environment variable is empty
[debug] [2025-11-01T14:07:13.708Z] > command requires scopes: ["email","openid","https://www.googleapis.com/auth/cloudplatformprojects.readonly","https://www.googleapis.com/auth/firebase","https://www.googleapis.com/auth/cloud-platform","https://www.googleapis.com/auth/userinfo.email"]
[debug] [2025-11-01T14:07:13.709Z] > authorizing via signed-in user (mohammadyasin9064@gmail.com)
[error] Failed to fetch Firebase Project from Studio Workspace because WORKSPACE_SLUG environment variable is empty
[debug] [2025-11-01T14:07:13.710Z] > command requires scopes: ["email","openid","https://www.googleapis.com/auth/cloudplatformprojects.readonly","https://www.googleapis.com/auth/firebase","https://www.googleapis.com/auth/cloud-platform","https://www.googleapis.com/auth/userinfo.email"]
[debug] [2025-11-01T14:07:13.710Z] > authorizing via signed-in user (mohammadyasin9064@gmail.com)
[error] Failed to fetch Firebase Project from Studio Workspace because WORKSPACE_SLUG environment variable is empty
[error] Failed to fetch Firebase Project from Studio Workspace because WORKSPACE_SLUG environment variable is empty
[error] Failed to fetch Firebase Project from Studio Workspace because WORKSPACE_SLUG environment variable is empty
[debug] [2025-11-01T14:07:13.740Z] > command requires scopes: ["email","openid","https://www.googleapis.com/auth/cloudplatformprojects.readonly","https://www.googleapis.com/auth/firebase","https://www.googleapis.com/auth/cloud-platform","https://www.googleapis.com/auth/userinfo.email"]
[debug] [2025-11-01T14:07:13.740Z] > authorizing via signed-in user (mohammadyasin9064@gmail.com)
[error] Failed to fetch Firebase Project from Studio Workspace because WORKSPACE_SLUG environment variable is empty
[debug] [2025-11-01T14:07:13.748Z] > command requires scopes: ["email","openid","https://www.googleapis.com/auth/cloudplatformprojects.readonly","https://www.googleapis.com/auth/firebase","https://www.googleapis.com/auth/cloud-platform","https://www.googleapis.com/auth/userinfo.email"]
[debug] [2025-11-01T14:07:13.748Z] > authorizing via signed-in user (mohammadyasin9064@gmail.com)
[error] Failed to fetch Firebase Project from Studio Workspace because WORKSPACE_SLUG environment variable is empty
[error] Failed to fetch Firebase Project from Studio Workspace because WORKSPACE_SLUG environment variable is empty
[error] Failed to fetch Firebase Project from Studio Workspace because WORKSPACE_SLUG environment variable is empty
[debug] [2025-11-01T14:07:13.758Z] > command requires scopes: ["email","openid","https://www.googleapis.com/auth/cloudplatformprojects.readonly","https://www.googleapis.com/auth/firebase","https://www.googleapis.com/auth/cloud-platform","https://www.googleapis.com/auth/userinfo.email"]
[debug] [2025-11-01T14:07:13.758Z] > authorizing via signed-in user (mohammadyasin9064@gmail.com)
[error] Failed to fetch Firebase Project from Studio Workspace because WORKSPACE_SLUG environment variable is empty
[debug] [2025-11-01T14:07:13.759Z] > command requires scopes: ["email","openid","https://www.googleapis.com/auth/cloudplatformprojects.readonly","https://www.googleapis.com/auth/firebase","https://www.googleapis.com/auth/cloud-platform","https://www.googleapis.com/auth/userinfo.email"]
[debug] [2025-11-01T14:07:13.759Z] > authorizing via signed-in user (mohammadyasin9064@gmail.com)
[error] Failed to fetch Firebase Project from Studio Workspace because WORKSPACE_SLUG environment variable is empty
[error] Failed to fetch Firebase Project from Studio Workspace because WORKSPACE_SLUG environment variable is empty
[error] Failed to fetch Firebase Project from Studio Workspace because WORKSPACE_SLUG environment variable is empty
[error] Failed to fetch Firebase Project from Studio Workspace because WORKSPACE_SLUG environment variable is empty
[error] Failed to fetch Firebase Project from Studio Workspace because WORKSPACE_SLUG environment variable is empty
[debug] [2025-11-01T14:08:24.907Z] > command requires scopes: ["email","openid","https://www.googleapis.com/auth/cloudplatformprojects.readonly","https://www.googleapis.com/auth/firebase","https://www.googleapis.com/auth/cloud-platform","https://www.googleapis.com/auth/userinfo.email"]
[debug] [2025-11-01T14:08:24.907Z] > authorizing via signed-in user (mohammadyasin9064@gmail.com)
[error] Failed to fetch Firebase Project from Studio Workspace because WORKSPACE_SLUG environment variable is empty
[debug] [2025-11-01T14:08:24.916Z] > command requires scopes: ["email","openid","https://www.googleapis.com/auth/cloudplatformprojects.readonly","https://www.googleapis.com/auth/firebase","https://www.googleapis.com/auth/cloud-platform","https://www.googleapis.com/auth/userinfo.email"]
[debug] [2025-11-01T14:08:24.918Z] > authorizing via signed-in user (mohammadyasin9064@gmail.com)
[error] Failed to fetch Firebase Project from Studio Workspace because WORKSPACE_SLUG environment variable is empty
[error] Failed to fetch Firebase Project from Studio Workspace because WORKSPACE_SLUG environment variable is empty
[debug] [2025-11-01T14:08:24.918Z] > command requires scopes: ["email","openid","https://www.googleapis.com/auth/cloudplatformprojects.readonly","https://www.googleapis.com/auth/firebase","https://www.googleapis.com/auth/cloud-platform","https://www.googleapis.com/auth/userinfo.email"]
[debug] [2025-11-01T14:08:24.918Z] > authorizing via signed-in user (mohammadyasin9064@gmail.com)
[error] Failed to fetch Firebase Project from Studio Workspace because WORKSPACE_SLUG environment variable is empty
[debug] [2025-11-01T14:08:24.929Z] > command requires scopes: ["email","openid","https://www.googleapis.com/auth/cloudplatformprojects.readonly","https://www.googleapis.com/auth/firebase","https://www.googleapis.com/auth/cloud-platform","https://www.googleapis.com/auth/userinfo.email"]
[debug] [2025-11-01T14:08:24.929Z] > authorizing via signed-in user (mohammadyasin9064@gmail.com)
[error] Failed to fetch Firebase Project from Studio Workspace because WORKSPACE_SLUG environment variable is empty
[error] Failed to fetch Firebase Project from Studio Workspace because WORKSPACE_SLUG environment variable is empty
[debug] [2025-11-01T14:08:24.941Z] > command requires scopes: ["email","openid","https://www.googleapis.com/auth/cloudplatformprojects.readonly","https://www.googleapis.com/auth/firebase","https://www.googleapis.com/auth/cloud-platform","https://www.googleapis.com/auth/userinfo.email"]
[debug] [2025-11-01T14:08:24.949Z] > authorizing via signed-in user (mohammadyasin9064@gmail.com)
[error] Failed to fetch Firebase Project from Studio Workspace because WORKSPACE_SLUG environment variable is empty
[debug] [2025-11-01T14:08:24.953Z] > command requires scopes: ["email","openid","https://www.googleapis.com/auth/cloudplatformprojects.readonly","https://www.googleapis.com/auth/firebase","https://www.googleapis.com/auth/cloud-platform","https://www.googleapis.com/auth/userinfo.email"]
[debug] [2025-11-01T14:08:24.953Z] > authorizing via signed-in user (mohammadyasin9064@gmail.com)
[error] Failed to fetch Firebase Project from Studio Workspace because WORKSPACE_SLUG environment variable is empty
[error] Failed to fetch Firebase Project from Studio Workspace because WORKSPACE_SLUG environment variable is empty
[error] Failed to fetch Firebase Project from Studio Workspace because WORKSPACE_SLUG environment variable is empty
[error] Failed to fetch Firebase Project from Studio Workspace because WORKSPACE_SLUG environment variable is empty
[error] Failed to fetch Firebase Project from Studio Workspace because WORKSPACE_SLUG environment variable is empty
[error] Failed to fetch Firebase Project from Studio Workspace because WORKSPACE_SLUG environment variable is empty
[debug] [2025-11-01T14:08:24.968Z] > command requires scopes: ["email","openid","https://www.googleapis.com/auth/cloudplatformprojects.readonly","https://www.googleapis.com/auth/firebase","https://www.googleapis.com/auth/cloud-platform","https://www.googleapis.com/auth/userinfo.email"]
[debug] [2025-11-01T14:08:24.968Z] > authorizing via signed-in user (mohammadyasin9064@gmail.com)
[debug] [2025-11-01T14:08:24.968Z] > command requires scopes: ["email","openid","https://www.googleapis.com/auth/cloudplatformprojects.readonly","https://www.googleapis.com/auth/firebase","https://www.googleapis.com/auth/cloud-platform","https://www.googleapis.com/auth/userinfo.email"]
[debug] [2025-11-01T14:08:24.968Z] > authorizing via signed-in user (mohammadyasin9064@gmail.com)
[error] Failed to fetch Firebase Project from Studio Workspace because WORKSPACE_SLUG environment variable is empty
[error] Failed to fetch Firebase Project from Studio Workspace because WORKSPACE_SLUG environment variable is empty
[debug] [2025-11-01T14:08:24.977Z] > command requires scopes: ["email","openid","https://www.googleapis.com/auth/cloudplatformprojects.readonly","https://www.googleapis.com/auth/firebase","https://www.googleapis.com/auth/cloud-platform","https://www.googleapis.com/auth/userinfo.email"]
[debug] [2025-11-01T14:08:24.979Z] > authorizing via signed-in user (mohammadyasin9064@gmail.com)
[debug] [2025-11-01T14:08:24.979Z] > command requires scopes: ["email","openid","https://www.googleapis.com/auth/cloudplatformprojects.readonly","https://www.googleapis.com/auth/firebase","https://www.googleapis.com/auth/cloud-platform","https://www.googleapis.com/auth/userinfo.email"]
[debug] [2025-11-01T14:08:24.979Z] > authorizing via signed-in user (mohammadyasin9064@gmail.com)
[error] Failed to fetch Firebase Project from Studio Workspace because WORKSPACE_SLUG environment variable is empty
[error] Failed to fetch Firebase Project from Studio Workspace because WORKSPACE_SLUG environment variable is empty
[error] Failed to fetch Firebase Project from Studio Workspace because WORKSPACE_SLUG environment variable is empty
[error] Failed to fetch Firebase Project from Studio Workspace because WORKSPACE_SLUG environment variable is empty
[error] Failed to fetch Firebase Project from Studio Workspace because WORKSPACE_SLUG environment variable is empty
[error] Failed to fetch Firebase Project from Studio Workspace because WORKSPACE_SLUG environment variable is empty
[debug] [2025-11-01T14:08:24.998Z] > command requires scopes: ["email","openid","https://www.googleapis.com/auth/cloudplatformprojects.readonly","https://www.googleapis.com/auth/firebase","https://www.googleapis.com/auth/cloud-platform","https://www.googleapis.com/auth/userinfo.email"]
[debug] [2025-11-01T14:08:24.998Z] > authorizing via signed-in user (mohammadyasin9064@gmail.com)
[debug] [2025-11-01T14:08:24.998Z] > command requires scopes: ["email","openid","https://www.googleapis.com/auth/cloudplatformprojects.readonly","https://www.googleapis.com/auth/firebase","https://www.googleapis.com/auth/cloud-platform","https://www.googleapis.com/auth/userinfo.email"]
[debug] [2025-11-01T14:08:24.998Z] > authorizing via signed-in user (mohammadyasin9064@gmail.com)
[error] Failed to fetch Firebase Project from Studio Workspace because WORKSPACE_SLUG environment variable is empty
[error] Failed to fetch Firebase Project from Studio Workspace because WORKSPACE_SLUG environment variable is empty
[debug] [2025-11-01T14:08:25.004Z] > command requires scopes: ["email","openid","https://www.googleapis.com/auth/cloudplatformprojects.readonly","https://www.googleapis.com/auth/firebase","https://www.googleapis.com/auth/cloud-platform","https://www.googleapis.com/auth/userinfo.email"]
[debug] [2025-11-01T14:08:25.004Z] > authorizing via signed-in user (mohammadyasin9064@gmail.com)
[debug] [2025-11-01T14:08:25.004Z] > command requires scopes: ["email","openid","https://www.googleapis.com/auth/cloudplatformprojects.readonly","https://www.googleapis.com/auth/firebase","https://www.googleapis.com/auth/cloud-platform","https://www.googleapis.com/auth/userinfo.email"]
[debug] [2025-11-01T14:08:25.004Z] > authorizing via signed-in user (mohammadyasin9064@gmail.com)
[error] Failed to fetch Firebase Project from Studio Workspace because WORKSPACE_SLUG environment variable is empty
[error] Failed to fetch Firebase Project from Studio Workspace because WORKSPACE_SLUG environment variable is empty
[debug] [2025-11-01T14:10:44.883Z] > command requires scopes: ["email","openid","https://www.googleapis.com/auth/cloudplatformprojects.readonly","https://www.googleapis.com/auth/firebase","https://www.googleapis.com/auth/cloud-platform","https://www.googleapis.com/auth/userinfo.email"]
[debug] [2025-11-01T14:10:44.886Z] > authorizing via signed-in user (mohammadyasin9064@gmail.com)
[error] Failed to fetch Firebase Project from Studio Workspace because WORKSPACE_SLUG environment variable is empty
[error] Failed to fetch Firebase Project from Studio Workspace because WORKSPACE_SLUG environment variable is empty
[debug] [2025-11-01T14:10:44.894Z] > command requires scopes: ["email","openid","https://www.googleapis.com/auth/cloudplatformprojects.readonly","https://www.googleapis.com/auth/firebase","https://www.googleapis.com/auth/cloud-platform","https://www.googleapis.com/auth/userinfo.email"]
[debug] [2025-11-01T14:10:44.896Z] > authorizing via signed-in user (mohammadyasin9064@gmail.com)
[error] Failed to fetch Firebase Project from Studio Workspace because WORKSPACE_SLUG environment variable is empty
[error] Failed to fetch Firebase Project from Studio Workspace because WORKSPACE_SLUG environment variable is empty
[debug] [2025-11-01T14:10:54.584Z] > command requires scopes: ["email","openid","https://www.googleapis.com/auth/cloudplatformprojects.readonly","https://www.googleapis.com/auth/firebase","https://www.googleapis.com/auth/cloud-platform","https://www.googleapis.com/auth/userinfo.email"]
[debug] [2025-11-01T14:10:54.584Z] > authorizing via signed-in user (mohammadyasin9064@gmail.com)
[error] Failed to fetch Firebase Project from Studio Workspace because WORKSPACE_SLUG environment variable is empty
[error] Failed to fetch Firebase Project from Studio Workspace because WORKSPACE_SLUG environment variable is empty
[debug] [2025-11-01T14:10:54.590Z] > command requires scopes: ["email","openid","https://www.googleapis.com/auth/cloudplatformprojects.readonly","https://www.googleapis.com/auth/firebase","https://www.googleapis.com/auth/cloud-platform","https://www.googleapis.com/auth/userinfo.email"]
[debug] [2025-11-01T14:10:54.590Z] > authorizing via signed-in user (mohammadyasin9064@gmail.com)
[debug] [2025-11-01T14:10:54.596Z] No OAuth tokens found
[debug] [2025-11-01T14:10:54.597Z] No OAuth tokens found
[debug] [2025-11-01T14:10:54.597Z] > command requires scopes: ["email","openid","https://www.googleapis.com/auth/cloudplatformprojects.readonly","https://www.googleapis.com/auth/firebase","https://www.googleapis.com/auth/cloud-platform","https://www.googleapis.com/auth/userinfo.email"]
[debug] [2025-11-01T14:10:54.597Z] > authorizing via signed-in user (mohammadyasin9064@gmail.com)
[debug] [2025-11-01T14:10:54.599Z] >>> [apiv2][query] GET https://firebase.googleapis.com/v1beta1/projects pageSize=1000
[debug] [2025-11-01T14:10:55.144Z] <<< [apiv2][status] GET https://firebase.googleapis.com/v1beta1/projects 200
[debug] [2025-11-01T14:10:55.144Z] <<< [apiv2][body] GET https://firebase.googleapis.com/v1beta1/projects [omitted]
[error] Failed to fetch Firebase Project from Studio Workspace because WORKSPACE_SLUG environment variable is empty
[error] Failed to fetch Firebase Project from Studio Workspace because WORKSPACE_SLUG environment variable is empty
[debug] [2025-11-01T14:11:05.617Z] > command requires scopes: ["email","openid","https://www.googleapis.com/auth/cloudplatformprojects.readonly","https://www.googleapis.com/auth/firebase","https://www.googleapis.com/auth/cloud-platform","https://www.googleapis.com/auth/userinfo.email"]
[debug] [2025-11-01T14:11:05.618Z] > authorizing via signed-in user (mohammadyasin9064@gmail.com)
[error] Failed to fetch Firebase Project from Studio Workspace because WORKSPACE_SLUG environment variable is empty
[error] Failed to fetch Firebase Project from Studio Workspace because WORKSPACE_SLUG environment variable is empty
[debug] [2025-11-01T14:11:05.619Z] > command requires scopes: ["email","openid","https://www.googleapis.com/auth/cloudplatformprojects.readonly","https://www.googleapis.com/auth/firebase","https://www.googleapis.com/auth/cloud-platform","https://www.googleapis.com/auth/userinfo.email"]
[debug] [2025-11-01T14:11:05.619Z] > authorizing via signed-in user (mohammadyasin9064@gmail.com)
[debug] [2025-11-01T14:11:05.621Z] No OAuth tokens found
[debug] [2025-11-01T14:11:05.621Z] No OAuth tokens found
[debug] [2025-11-01T14:11:05.621Z] > command requires scopes: ["email","openid","https://www.googleapis.com/auth/cloudplatformprojects.readonly","https://www.googleapis.com/auth/firebase","https://www.googleapis.com/auth/cloud-platform","https://www.googleapis.com/auth/userinfo.email"]
[debug] [2025-11-01T14:11:05.621Z] > authorizing via signed-in user (mohammadyasin9064@gmail.com)
[debug] [2025-11-01T14:11:05.621Z] >>> [apiv2][query] GET https://serviceusage.googleapis.com/v1/projects/yasin-portfolio-15377858-36d32/services/cloudresourcemanager.googleapis.com [none]
[debug] [2025-11-01T14:11:05.622Z] >>> [apiv2][(partial)header] GET https://serviceusage.googleapis.com/v1/projects/yasin-portfolio-15377858-36d32/services/cloudresourcemanager.googleapis.com x-goog-quota-user=projects/yasin-portfolio-15377858-36d32
[debug] [2025-11-01T14:11:06.694Z] <<< [apiv2][status] GET https://serviceusage.googleapis.com/v1/projects/yasin-portfolio-15377858-36d32/services/cloudresourcemanager.googleapis.com 200
[debug] [2025-11-01T14:11:06.694Z] <<< [apiv2][body] GET https://serviceusage.googleapis.com/v1/projects/yasin-portfolio-15377858-36d32/services/cloudresourcemanager.googleapis.com [omitted]
[debug] [2025-11-01T14:11:06.711Z] No OAuth tokens found
[debug] [2025-11-01T14:11:06.713Z] No OAuth tokens found
[debug] [2025-11-01T14:11:06.713Z] > command requires scopes: ["email","openid","https://www.googleapis.com/auth/cloudplatformprojects.readonly","https://www.googleapis.com/auth/firebase","https://www.googleapis.com/auth/cloud-platform","https://www.googleapis.com/auth/userinfo.email"]
[debug] [2025-11-01T14:11:06.713Z] > authorizing via signed-in user (mohammadyasin9064@gmail.com)
[debug] [2025-11-01T14:11:06.713Z] >>> [apiv2][query] GET https://cloudresourcemanager.googleapis.com/v1/projects/yasin-portfolio-15377858-36d32 [none]
[debug] [2025-11-01T14:11:07.591Z] <<< [apiv2][status] GET https://cloudresourcemanager.googleapis.com/v1/projects/yasin-portfolio-15377858-36d32 200
[debug] [2025-11-01T14:11:07.591Z] <<< [apiv2][body] GET https://cloudresourcemanager.googleapis.com/v1/projects/yasin-portfolio-15377858-36d32 {"projectNumber":"915862323327","projectId":"yasin-portfolio-15377858-36d32","lifecycleState":"ACTIVE","name":"Firebase app","labels":{"firebase":"enabled","firebase-core":"disabled"},"createTime":"2025-10-31T07:03:15.750861Z"}
[info] Updating Studio Workspace active project to match Firebase CLI 'yasin-portfolio-15377858-36d32'
[error] Failed to update Firebase Project for Studio Workspace because WORKSPACE_SLUG environment variable is empty
[info] Now using project yasin-portfolio-15377858-36d32
[error] Failed to fetch Firebase Project from Studio Workspace because WORKSPACE_SLUG environment variable is empty
[error] Failed to fetch Firebase Project from Studio Workspace because WORKSPACE_SLUG environment variable is empty
[debug] [2025-11-01T14:11:11.343Z] > command requires scopes: ["email","openid","https://www.googleapis.com/auth/cloudplatformprojects.readonly","https://www.googleapis.com/auth/firebase","https://www.googleapis.com/auth/cloud-platform","https://www.googleapis.com/auth/userinfo.email"]
[debug] [2025-11-01T14:11:11.343Z] > authorizing via signed-in user (mohammadyasin9064@gmail.com)
[error] Failed to fetch Firebase Project from Studio Workspace because WORKSPACE_SLUG environment variable is empty
[error] Failed to fetch Firebase Project from Studio Workspace because WORKSPACE_SLUG environment variable is empty
[debug] [2025-11-01T14:11:11.350Z] > command requires scopes: ["email","openid","https://www.googleapis.com/auth/cloudplatformprojects.readonly","https://www.googleapis.com/auth/firebase","https://www.googleapis.com/auth/cloud-platform","https://www.googleapis.com/auth/userinfo.email"]
[debug] [2025-11-01T14:11:11.350Z] > authorizing via signed-in user (mohammadyasin9064@gmail.com)
[error] Failed to fetch Firebase Project from Studio Workspace because WORKSPACE_SLUG environment variable is empty
[error] Failed to fetch Firebase Project from Studio Workspace because WORKSPACE_SLUG environment variable is empty
[debug] [2025-11-01T14:11:37.038Z] > command requires scopes: ["email","openid","https://www.googleapis.com/auth/cloudplatformprojects.readonly","https://www.googleapis.com/auth/firebase","https://www.googleapis.com/auth/cloud-platform","https://www.googleapis.com/auth/userinfo.email"]
[debug] [2025-11-01T14:11:37.038Z] > authorizing via signed-in user (mohammadyasin9064@gmail.com)
[error] Failed to fetch Firebase Project from Studio Workspace because WORKSPACE_SLUG environment variable is empty
[error] Failed to fetch Firebase Project from Studio Workspace because WORKSPACE_SLUG environment variable is empty
[debug] [2025-11-01T14:11:37.050Z] > command requires scopes: ["email","openid","https://www.googleapis.com/auth/cloudplatformprojects.readonly","https://www.googleapis.com/auth/firebase","https://www.googleapis.com/auth/cloud-platform","https://www.googleapis.com/auth/userinfo.email"]
[debug] [2025-11-01T14:11:37.051Z] > authorizing via signed-in user (mohammadyasin9064@gmail.com)
[error] Failed to fetch Firebase Project from Studio Workspace because WORKSPACE_SLUG environment variable is empty
[error] Failed to fetch Firebase Project from Studio Workspace because WORKSPACE_SLUG environment variable is empty
[debug] [2025-11-01T14:11:40.545Z] > command requires scopes: ["email","openid","https://www.googleapis.com/auth/cloudplatformprojects.readonly","https://www.googleapis.com/auth/firebase","https://www.googleapis.com/auth/cloud-platform","https://www.googleapis.com/auth/userinfo.email"]
[debug] [2025-11-01T14:11:40.545Z] > authorizing via signed-in user (mohammadyasin9064@gmail.com)
[error] Failed to fetch Firebase Project from Studio Workspace because WORKSPACE_SLUG environment variable is empty
[error] Failed to fetch Firebase Project from Studio Workspace because WORKSPACE_SLUG environment variable is empty
[debug] [2025-11-01T14:11:40.552Z] > command requires scopes: ["email","openid","https://www.googleapis.com/auth/cloudplatformprojects.readonly","https://www.googleapis.com/auth/firebase","https://www.googleapis.com/auth/cloud-platform","https://www.googleapis.com/auth/userinfo.email"]
[debug] [2025-11-01T14:11:40.556Z] > authorizing via signed-in user (mohammadyasin9064@gmail.com)
[info] 
=== Firestore Setup Actuation
[info] ✔  Wrote firestore.rules 
[info] ✔  Wrote firestore.indexes.json 
[info] 
=== Hosting Setup Actuation
[debug] [2025-11-01T14:11:40.568Z] >>> [apiv2][query] GET https://www.gstatic.com/firebasejs/releases.json [none]
[debug] [2025-11-01T14:11:40.615Z] <<< [apiv2][status] GET https://www.gstatic.com/firebasejs/releases.json 200
[debug] [2025-11-01T14:11:40.615Z] <<< [apiv2][body] GET https://www.gstatic.com/firebasejs/releases.json {"current":{"version":"12.5.0","browserURL":"https://www.gstatic.com/firebasejs/12.5.0/firebase.js","packageURL":"https://www.gstatic.com/firebasejs/12.5.0/firebase.tgz"},"live":{"version":"12.5","browserURL":"https://www.gstatic.com/firebasejs/live/12.5/firebase.js","packageURL":"https://www.gstatic.com/firebasejs/live/12.5/firebase.tgz"},"components":{"ai":"https://www.gstatic.com/firebasejs/12.5.0/firebase-ai.js","analytics":"https://www.gstatic.com/firebasejs/12.5.0/firebase-analytics.js","app":"https://www.gstatic.com/firebasejs/12.5.0/firebase-app.js","app-check":"https://www.gstatic.com/firebasejs/12.5.0/firebase-app-check.js","auth":"https://www.gstatic.com/firebasejs/12.5.0/firebase-auth.js","auth/cordova":"https://www.gstatic.com/firebasejs/12.5.0/firebase-auth/cordova.js","auth/web-extension":"https://www.gstatic.com/firebasejs/12.5.0/firebase-auth/web-extension.js","functions":"https://www.gstatic.com/firebasejs/12.5.0/firebase-functions.js","firestore":"https://www.gstatic.com/firebasejs/12.5.0/firebase-firestore.js","firestore/lite":"https://www.gstatic.com/firebasejs/12.5.0/firebase-firestore/lite.js","installations":"https://www.gstatic.com/firebasejs/12.5.0/firebase-installations.js","storage":"https://www.gstatic.com/firebasejs/12.5.0/firebase-storage.js","performance":"https://www.gstatic.com/firebasejs/12.5.0/firebase-performance.js","remote-config":"https://www.gstatic.com/firebasejs/12.5.0/firebase-remote-config.js","messaging":"https://www.gstatic.com/firebasejs/12.5.0/firebase-messaging.js","messaging/sw":"https://www.gstatic.com/firebasejs/12.5.0/firebase-messaging/sw.js","database":"https://www.gstatic.com/firebasejs/12.5.0/firebase-database.js","data-connect":"https://www.gstatic.com/firebasejs/12.5.0/firebase-data-connect.js","firestore.memory":"https://www.gstatic.com/firebasejs/12.5.0/firebase-firestore.memory.js"}}
[info] ✔  Wrote out/index.html 
[info] ✔  Wrote configuration info to firebase.json 
[info] ✔  Wrote project information to .firebaserc 
[error] Failed to fetch Firebase Project from Studio Workspace because WORKSPACE_SLUG environment variable is empty
[error] Failed to fetch Firebase Project from Studio Workspace because WORKSPACE_SLUG environment variable is empty
[error] Failed to fetch Firebase Project from Studio Workspace because WORKSPACE_SLUG environment variable is empty
[error] Failed to fetch Firebase Project from Studio Workspace because WORKSPACE_SLUG environment variable is empty
[debug] [2025-11-02T11:03:12.481Z] > command requires scopes: ["email","openid","https://www.googleapis.com/auth/cloudplatformprojects.readonly","https://www.googleapis.com/auth/firebase","https://www.googleapis.com/auth/cloud-platform","https://www.googleapis.com/auth/userinfo.email"]
[debug] [2025-11-02T11:03:12.483Z] > command requires scopes: ["email","openid","https://www.googleapis.com/auth/cloudplatformprojects.readonly","https://www.googleapis.com/auth/firebase","https://www.googleapis.com/auth/cloud-platform","https://www.googleapis.com/auth/userinfo.email"]
[debug] [2025-11-02T11:03:14.680Z] No OAuth tokens found
[debug] [2025-11-02T11:03:14.681Z] No OAuth tokens found
[debug] [2025-11-02T11:03:14.681Z] > command requires scopes: ["email","openid","https://www.googleapis.com/auth/cloudplatformprojects.readonly","https://www.googleapis.com/auth/firebase","https://www.googleapis.com/auth/cloud-platform","https://www.googleapis.com/auth/userinfo.email"]
[debug] [2025-11-02T11:03:14.684Z] No OAuth tokens found
[debug] [2025-11-02T11:03:14.685Z] No OAuth tokens found
[debug] [2025-11-02T11:03:14.685Z] > command requires scopes: ["email","openid","https://www.googleapis.com/auth/cloudplatformprojects.readonly","https://www.googleapis.com/auth/firebase","https://www.googleapis.com/auth/cloud-platform","https://www.googleapis.com/auth/userinfo.email"]
[debug] [2025-11-02T11:03:14.685Z] No OAuth tokens found
[debug] [2025-11-02T11:03:14.688Z] No OAuth tokens found
[debug] [2025-11-02T11:03:14.688Z] > command requires scopes: ["email","openid","https://www.googleapis.com/auth/cloudplatformprojects.readonly","https://www.googleapis.com/auth/firebase","https://www.googleapis.com/auth/cloud-platform","https://www.googleapis.com/auth/userinfo.email"]
[debug] [2025-11-02T11:03:14.690Z] No OAuth tokens found
[debug] [2025-11-02T11:03:14.690Z] No OAuth tokens found
[debug] [2025-11-02T11:03:14.690Z] > command requires scopes: ["email","openid","https://www.googleapis.com/auth/cloudplatformprojects.readonly","https://www.googleapis.com/auth/firebase","https://www.googleapis.com/auth/cloud-platform","https://www.googleapis.com/auth/userinfo.email"]
[debug] [2025-11-02T11:03:14.693Z] No OAuth tokens found
[debug] [2025-11-02T11:03:14.693Z] No OAuth tokens found
[debug] [2025-11-02T11:03:14.694Z] > command requires scopes: ["email","openid","https://www.googleapis.com/auth/cloudplatformprojects.readonly","https://www.googleapis.com/auth/firebase","https://www.googleapis.com/auth/cloud-platform","https://www.googleapis.com/auth/userinfo.email"]
[debug] [2025-11-02T11:03:14.694Z] No OAuth tokens found
[debug] [2025-11-02T11:03:14.694Z] No OAuth tokens found
[debug] [2025-11-02T11:03:14.694Z] > command requires scopes: ["email","openid","https://www.googleapis.com/auth/cloudplatformprojects.readonly","https://www.googleapis.com/auth/firebase","https://www.googleapis.com/auth/cloud-platform","https://www.googleapis.com/auth/userinfo.email"]
[debug] [2025-11-02T11:03:14.703Z] No OAuth tokens found
[debug] [2025-11-02T11:03:14.704Z] No OAuth tokens found
[debug] [2025-11-02T11:03:14.704Z] > command requires scopes: ["email","openid","https://www.googleapis.com/auth/cloudplatformprojects.readonly","https://www.googleapis.com/auth/firebase","https://www.googleapis.com/auth/cloud-platform","https://www.googleapis.com/auth/userinfo.email"]
[debug] [2025-11-02T11:03:14.706Z] No OAuth tokens found
[debug] [2025-11-02T11:03:14.707Z] No OAuth tokens found
[debug] [2025-11-02T11:03:14.707Z] > command requires scopes: ["email","openid","https://www.googleapis.com/auth/cloudplatformprojects.readonly","https://www.googleapis.com/auth/firebase","https://www.googleapis.com/auth/cloud-platform","https://www.googleapis.com/auth/userinfo.email"]
[debug] [2025-11-02T11:03:14.710Z] No OAuth tokens found
[debug] [2025-11-02T11:03:14.711Z] No OAuth tokens found
[debug] [2025-11-02T11:03:14.711Z] > command requires scopes: ["email","openid","https://www.googleapis.com/auth/cloudplatformprojects.readonly","https://www.googleapis.com/auth/firebase","https://www.googleapis.com/auth/cloud-platform","https://www.googleapis.com/auth/userinfo.email"]
[debug] [2025-11-02T11:03:14.711Z] No OAuth tokens found
[debug] [2025-11-02T11:03:14.711Z] No OAuth tokens found
[debug] [2025-11-02T11:03:14.712Z] > command requires scopes: ["email","openid","https://www.googleapis.com/auth/cloudplatformprojects.readonly","https://www.googleapis.com/auth/firebase","https://www.googleapis.com/auth/cloud-platform","https://www.googleapis.com/auth/userinfo.email"]
[debug] [2025-11-02T11:03:14.712Z] No OAuth tokens found
[debug] [2025-11-02T11:03:14.712Z] No OAuth tokens found
[debug] [2025-11-02T11:03:14.712Z] > command requires scopes: ["email","openid","https://www.googleapis.com/auth/cloudplatformprojects.readonly","https://www.googleapis.com/auth/firebase","https://www.googleapis.com/auth/cloud-platform","https://www.googleapis.com/auth/userinfo.email"]
[debug] [2025-11-02T11:03:14.713Z] No OAuth tokens found
[debug] [2025-11-02T11:03:14.713Z] No OAuth tokens found
[debug] [2025-11-02T11:03:14.713Z] > command requires scopes: ["email","openid","https://www.googleapis.com/auth/cloudplatformprojects.readonly","https://www.googleapis.com/auth/firebase","https://www.googleapis.com/auth/cloud-platform","https://www.googleapis.com/auth/userinfo.email"]
[debug] [2025-11-02T11:03:14.713Z] No OAuth tokens found
[debug] [2025-11-02T11:03:14.713Z] No OAuth tokens found
[debug] [2025-11-02T11:03:14.713Z] > command requires scopes: ["email","openid","https://www.googleapis.com/auth/cloudplatformprojects.readonly","https://www.googleapis.com/auth/firebase","https://www.googleapis.com/auth/cloud-platform","https://www.googleapis.com/auth/userinfo.email"]
[debug] [2025-11-02T11:03:14.714Z] No OAuth tokens found
[debug] [2025-11-02T11:03:14.714Z] No OAuth tokens found
[debug] [2025-11-02T11:03:14.714Z] > command requires scopes: ["email","openid","https://www.googleapis.com/auth/cloudplatformprojects.readonly","https://www.googleapis.com/auth/firebase","https://www.googleapis.com/auth/cloud-platform","https://www.googleapis.com/auth/userinfo.email"]
[debug] [2025-11-02T11:03:14.716Z] No OAuth tokens found
[debug] [2025-11-02T11:03:14.716Z] No OAuth tokens found
[debug] [2025-11-02T11:03:14.716Z] > command requires scopes: ["email","openid","https://www.googleapis.com/auth/cloudplatformprojects.readonly","https://www.googleapis.com/auth/firebase","https://www.googleapis.com/auth/cloud-platform","https://www.googleapis.com/auth/userinfo.email"]
[debug] [2025-11-02T11:03:14.716Z] No OAuth tokens found
[debug] [2025-11-02T11:03:14.717Z] No OAuth tokens found
[debug] [2025-11-02T11:03:14.717Z] > command requires scopes: ["email","openid","https://www.googleapis.com/auth/cloudplatformprojects.readonly","https://www.googleapis.com/auth/firebase","https://www.googleapis.com/auth/cloud-platform","https://www.googleapis.com/auth/userinfo.email"]
[error] Failed to fetch Firebase Project from Studio Workspace because WORKSPACE_SLUG environment variable is empty
[error] Failed to fetch Firebase Project from Studio Workspace because WORKSPACE_SLUG environment variable is empty
[error] Failed to fetch Firebase Project from Studio Workspace because WORKSPACE_SLUG environment variable is empty
[debug] [2025-11-02T11:03:16.870Z] > command requires scopes: ["email","openid","https://www.googleapis.com/auth/cloudplatformprojects.readonly","https://www.googleapis.com/auth/firebase","https://www.googleapis.com/auth/cloud-platform","https://www.googleapis.com/auth/userinfo.email"]
[error] Failed to fetch Firebase Project from Studio Workspace because WORKSPACE_SLUG environment variable is empty
[debug] [2025-11-02T11:03:19.014Z] > command requires scopes: ["email","openid","https://www.googleapis.com/auth/cloudplatformprojects.readonly","https://www.googleapis.com/auth/firebase","https://www.googleapis.com/auth/cloud-platform","https://www.googleapis.com/auth/userinfo.email"]
[error] Failed to fetch Firebase Project from Studio Workspace because WORKSPACE_SLUG environment variable is empty
[error] Failed to fetch Firebase Project from Studio Workspace because WORKSPACE_SLUG environment variable is empty
[error] Failed to fetch Firebase Project from Studio Workspace because WORKSPACE_SLUG environment variable is empty
[error] Failed to fetch Firebase Project from Studio Workspace because WORKSPACE_SLUG environment variable is empty
[debug] [2025-11-02T11:12:06.218Z] > command requires scopes: ["email","openid","https://www.googleapis.com/auth/cloudplatformprojects.readonly","https://www.googleapis.com/auth/firebase","https://www.googleapis.com/auth/cloud-platform","https://www.googleapis.com/auth/userinfo.email"]
[debug] [2025-11-02T11:12:06.221Z] > command requires scopes: ["email","openid","https://www.googleapis.com/auth/cloudplatformprojects.readonly","https://www.googleapis.com/auth/firebase","https://www.googleapis.com/auth/cloud-platform","https://www.googleapis.com/auth/userinfo.email"]
[debug] [2025-11-02T11:12:13.805Z] Running auto auth
[debug] [2025-11-02T11:12:13.805Z] Running auto auth
[debug] [2025-11-02T11:12:13.867Z] No OAuth tokens found
[debug] [2025-11-02T11:12:13.868Z] No OAuth tokens found
[debug] [2025-11-02T11:12:13.868Z] No OAuth tokens found
[debug] [2025-11-02T11:12:13.874Z] No OAuth tokens found
[debug] [2025-11-02T11:12:13.877Z] No OAuth tokens found
[debug] [2025-11-02T11:12:13.877Z] No OAuth tokens found
[debug] [2025-11-02T11:12:13.905Z] No OAuth tokens found
[debug] [2025-11-02T11:12:13.906Z] No OAuth tokens found
[debug] [2025-11-02T11:12:13.909Z] >>> [apiv2][query] GET https://serviceusage.googleapis.com/v1/projects/yasin-portfolio-15377858-36d32/services/storage.googleapis.com [none]
[debug] [2025-11-02T11:12:13.909Z] >>> [apiv2][(partial)header] GET https://serviceusage.googleapis.com/v1/projects/yasin-portfolio-15377858-36d32/services/storage.googleapis.com x-goog-quota-user=projects/yasin-portfolio-15377858-36d32
[debug] [2025-11-02T11:12:13.962Z] >>> [apiv2][query] GET https://serviceusage.googleapis.com/v1/projects/yasin-portfolio-15377858-36d32/services/firebasedataconnect.googleapis.com [none]
[debug] [2025-11-02T11:12:13.962Z] >>> [apiv2][(partial)header] GET https://serviceusage.googleapis.com/v1/projects/yasin-portfolio-15377858-36d32/services/firebasedataconnect.googleapis.com x-goog-quota-user=projects/yasin-portfolio-15377858-36d32
[debug] [2025-11-02T11:12:13.964Z] >>> [apiv2][query] GET https://serviceusage.googleapis.com/v1/projects/yasin-portfolio-15377858-36d32/services/identitytoolkit.googleapis.com [none]
[debug] [2025-11-02T11:12:13.964Z] >>> [apiv2][(partial)header] GET https://serviceusage.googleapis.com/v1/projects/yasin-portfolio-15377858-36d32/services/identitytoolkit.googleapis.com x-goog-quota-user=projects/yasin-portfolio-15377858-36d32
[debug] [2025-11-02T11:12:13.966Z] >>> [apiv2][query] GET https://serviceusage.googleapis.com/v1/projects/yasin-portfolio-15377858-36d32/services/fcm.googleapis.com [none]
[debug] [2025-11-02T11:12:13.966Z] >>> [apiv2][(partial)header] GET https://serviceusage.googleapis.com/v1/projects/yasin-portfolio-15377858-36d32/services/fcm.googleapis.com x-goog-quota-user=projects/yasin-portfolio-15377858-36d32
[debug] [2025-11-02T11:12:13.968Z] >>> [apiv2][query] GET https://serviceusage.googleapis.com/v1/projects/yasin-portfolio-15377858-36d32/services/cloudfunctions.googleapis.com [none]
[debug] [2025-11-02T11:12:13.968Z] >>> [apiv2][(partial)header] GET https://serviceusage.googleapis.com/v1/projects/yasin-portfolio-15377858-36d32/services/cloudfunctions.googleapis.com x-goog-quota-user=projects/yasin-portfolio-15377858-36d32
[debug] [2025-11-02T11:12:13.970Z] >>> [apiv2][query] GET https://serviceusage.googleapis.com/v1/projects/yasin-portfolio-15377858-36d32/services/firebaseremoteconfig.googleapis.com [none]
[debug] [2025-11-02T11:12:13.970Z] >>> [apiv2][(partial)header] GET https://serviceusage.googleapis.com/v1/projects/yasin-portfolio-15377858-36d32/services/firebaseremoteconfig.googleapis.com x-goog-quota-user=projects/yasin-portfolio-15377858-36d32
[debug] [2025-11-02T11:12:13.972Z] >>> [apiv2][query] GET https://serviceusage.googleapis.com/v1/projects/yasin-portfolio-15377858-36d32/services/firebaseapphosting.googleapis.com [none]
[debug] [2025-11-02T11:12:13.972Z] >>> [apiv2][(partial)header] GET https://serviceusage.googleapis.com/v1/projects/yasin-portfolio-15377858-36d32/services/firebaseapphosting.googleapis.com x-goog-quota-user=projects/yasin-portfolio-15377858-36d32
[debug] [2025-11-02T11:12:13.974Z] >>> [apiv2][query] GET https://serviceusage.googleapis.com/v1/projects/yasin-portfolio-15377858-36d32/services/firebaseio.com [none]
[debug] [2025-11-02T11:12:13.974Z] >>> [apiv2][(partial)header] GET https://serviceusage.googleapis.com/v1/projects/yasin-portfolio-15377858-36d32/services/firebaseio.com x-goog-quota-user=projects/yasin-portfolio-15377858-36d32
[debug] [2025-11-02T11:12:14.021Z] No OAuth tokens found
[debug] [2025-11-02T11:12:14.022Z] No OAuth tokens found
[debug] [2025-11-02T11:12:14.022Z] No OAuth tokens found
[debug] [2025-11-02T11:12:14.022Z] No OAuth tokens found
[debug] [2025-11-02T11:12:14.023Z] No OAuth tokens found
[debug] [2025-11-02T11:12:14.023Z] No OAuth tokens found
[debug] [2025-11-02T11:12:14.025Z] No OAuth tokens found
[debug] [2025-11-02T11:12:14.025Z] No OAuth tokens found
[debug] [2025-11-02T11:12:14.027Z] >>> [apiv2][query] GET https://serviceusage.googleapis.com/v1/projects/yasin-portfolio-15377858-36d32/services/storage.googleapis.com [none]
[debug] [2025-11-02T11:12:14.027Z] >>> [apiv2][(partial)header] GET https://serviceusage.googleapis.com/v1/projects/yasin-portfolio-15377858-36d32/services/storage.googleapis.com x-goog-quota-user=projects/yasin-portfolio-15377858-36d32
[debug] [2025-11-02T11:12:14.032Z] >>> [apiv2][query] GET https://serviceusage.googleapis.com/v1/projects/yasin-portfolio-15377858-36d32/services/firebasedataconnect.googleapis.com [none]
[debug] [2025-11-02T11:12:14.032Z] >>> [apiv2][(partial)header] GET https://serviceusage.googleapis.com/v1/projects/yasin-portfolio-15377858-36d32/services/firebasedataconnect.googleapis.com x-goog-quota-user=projects/yasin-portfolio-15377858-36d32
[debug] [2025-11-02T11:12:14.034Z] >>> [apiv2][query] GET https://serviceusage.googleapis.com/v1/projects/yasin-portfolio-15377858-36d32/services/identitytoolkit.googleapis.com [none]
[debug] [2025-11-02T11:12:14.034Z] >>> [apiv2][(partial)header] GET https://serviceusage.googleapis.com/v1/projects/yasin-portfolio-15377858-36d32/services/identitytoolkit.googleapis.com x-goog-quota-user=projects/yasin-portfolio-15377858-36d32
[debug] [2025-11-02T11:12:14.039Z] >>> [apiv2][query] GET https://serviceusage.googleapis.com/v1/projects/yasin-portfolio-15377858-36d32/services/fcm.googleapis.com [none]
[debug] [2025-11-02T11:12:14.039Z] >>> [apiv2][(partial)header] GET https://serviceusage.googleapis.com/v1/projects/yasin-portfolio-15377858-36d32/services/fcm.googleapis.com x-goog-quota-user=projects/yasin-portfolio-15377858-36d32
[debug] [2025-11-02T11:12:14.041Z] >>> [apiv2][query] GET https://serviceusage.googleapis.com/v1/projects/yasin-portfolio-15377858-36d32/services/cloudfunctions.googleapis.com [none]
[debug] [2025-11-02T11:12:14.041Z] >>> [apiv2][(partial)header] GET https://serviceusage.googleapis.com/v1/projects/yasin-portfolio-15377858-36d32/services/cloudfunctions.googleapis.com x-goog-quota-user=projects/yasin-portfolio-15377858-36d32
[debug] [2025-11-02T11:12:14.042Z] >>> [apiv2][query] GET https://serviceusage.googleapis.com/v1/projects/yasin-portfolio-15377858-36d32/services/firebaseremoteconfig.googleapis.com [none]
[debug] [2025-11-02T11:12:14.042Z] >>> [apiv2][(partial)header] GET https://serviceusage.googleapis.com/v1/projects/yasin-portfolio-15377858-36d32/services/firebaseremoteconfig.googleapis.com x-goog-quota-user=projects/yasin-portfolio-15377858-36d32
[debug] [2025-11-02T11:12:14.044Z] >>> [apiv2][query] GET https://serviceusage.googleapis.com/v1/projects/yasin-portfolio-15377858-36d32/services/firebaseapphosting.googleapis.com [none]
[debug] [2025-11-02T11:12:14.044Z] >>> [apiv2][(partial)header] GET https://serviceusage.googleapis.com/v1/projects/yasin-portfolio-15377858-36d32/services/firebaseapphosting.googleapis.com x-goog-quota-user=projects/yasin-portfolio-15377858-36d32
[debug] [2025-11-02T11:12:14.046Z] >>> [apiv2][query] GET https://serviceusage.googleapis.com/v1/projects/yasin-portfolio-15377858-36d32/services/firebaseio.com [none]
[debug] [2025-11-02T11:12:14.046Z] >>> [apiv2][(partial)header] GET https://serviceusage.googleapis.com/v1/projects/yasin-portfolio-15377858-36d32/services/firebaseio.com x-goog-quota-user=projects/yasin-portfolio-15377858-36d32
[debug] [2025-11-02T11:12:15.109Z] <<< [apiv2][status] GET https://serviceusage.googleapis.com/v1/projects/yasin-portfolio-15377858-36d32/services/firebasedataconnect.googleapis.com 200
[debug] [2025-11-02T11:12:15.110Z] <<< [apiv2][body] GET https://serviceusage.googleapis.com/v1/projects/yasin-portfolio-15377858-36d32/services/firebasedataconnect.googleapis.com [omitted]
[debug] [2025-11-02T11:12:15.138Z] <<< [apiv2][status] GET https://serviceusage.googleapis.com/v1/projects/yasin-portfolio-15377858-36d32/services/cloudfunctions.googleapis.com 200
[debug] [2025-11-02T11:12:15.144Z] <<< [apiv2][body] GET https://serviceusage.googleapis.com/v1/projects/yasin-portfolio-15377858-36d32/services/cloudfunctions.googleapis.com [omitted]
[debug] [2025-11-02T11:12:15.171Z] <<< [apiv2][status] GET https://serviceusage.googleapis.com/v1/projects/yasin-portfolio-15377858-36d32/services/storage.googleapis.com 200
[debug] [2025-11-02T11:12:15.175Z] <<< [apiv2][body] GET https://serviceusage.googleapis.com/v1/projects/yasin-portfolio-15377858-36d32/services/storage.googleapis.com [omitted]
[debug] [2025-11-02T11:12:15.188Z] <<< [apiv2][status] GET https://serviceusage.googleapis.com/v1/projects/yasin-portfolio-15377858-36d32/services/fcm.googleapis.com 200
[debug] [2025-11-02T11:12:15.188Z] <<< [apiv2][body] GET https://serviceusage.googleapis.com/v1/projects/yasin-portfolio-15377858-36d32/services/fcm.googleapis.com [omitted]
[debug] [2025-11-02T11:12:15.197Z] <<< [apiv2][status] GET https://serviceusage.googleapis.com/v1/projects/yasin-portfolio-15377858-36d32/services/firebasedataconnect.googleapis.com 200
[debug] [2025-11-02T11:12:15.198Z] <<< [apiv2][body] GET https://serviceusage.googleapis.com/v1/projects/yasin-portfolio-15377858-36d32/services/firebasedataconnect.googleapis.com [omitted]
[debug] [2025-11-02T11:12:15.211Z] <<< [apiv2][status] GET https://serviceusage.googleapis.com/v1/projects/yasin-portfolio-15377858-36d32/services/firebaseio.com 403
[debug] [2025-11-02T11:12:15.211Z] <<< [apiv2][body] GET https://serviceusage.googleapis.com/v1/projects/yasin-portfolio-15377858-36d32/services/firebaseio.com [omitted]
[debug] [2025-11-02T11:12:15.219Z] <<< [apiv2][status] GET https://serviceusage.googleapis.com/v1/projects/yasin-portfolio-15377858-36d32/services/cloudfunctions.googleapis.com 200
[debug] [2025-11-02T11:12:15.220Z] <<< [apiv2][body] GET https://serviceusage.googleapis.com/v1/projects/yasin-portfolio-15377858-36d32/services/cloudfunctions.googleapis.com [omitted]
[debug] [2025-11-02T11:12:15.220Z] <<< [apiv2][status] GET https://serviceusage.googleapis.com/v1/projects/yasin-portfolio-15377858-36d32/services/fcm.googleapis.com 200
[debug] [2025-11-02T11:12:15.220Z] <<< [apiv2][body] GET https://serviceusage.googleapis.com/v1/projects/yasin-portfolio-15377858-36d32/services/fcm.googleapis.com [omitted]
[debug] [2025-11-02T11:12:15.231Z] <<< [apiv2][status] GET https://serviceusage.googleapis.com/v1/projects/yasin-portfolio-15377858-36d32/services/storage.googleapis.com 200
[debug] [2025-11-02T11:12:15.231Z] <<< [apiv2][body] GET https://serviceusage.googleapis.com/v1/projects/yasin-portfolio-15377858-36d32/services/storage.googleapis.com [omitted]
[debug] [2025-11-02T11:12:15.248Z] <<< [apiv2][status] GET https://serviceusage.googleapis.com/v1/projects/yasin-portfolio-15377858-36d32/services/identitytoolkit.googleapis.com 200
[debug] [2025-11-02T11:12:15.248Z] <<< [apiv2][body] GET https://serviceusage.googleapis.com/v1/projects/yasin-portfolio-15377858-36d32/services/identitytoolkit.googleapis.com [omitted]
[debug] [2025-11-02T11:12:15.258Z] <<< [apiv2][status] GET https://serviceusage.googleapis.com/v1/projects/yasin-portfolio-15377858-36d32/services/firebaseapphosting.googleapis.com 200
[debug] [2025-11-02T11:12:15.258Z] <<< [apiv2][body] GET https://serviceusage.googleapis.com/v1/projects/yasin-portfolio-15377858-36d32/services/firebaseapphosting.googleapis.com [omitted]
[debug] [2025-11-02T11:12:15.275Z] <<< [apiv2][status] GET https://serviceusage.googleapis.com/v1/projects/yasin-portfolio-15377858-36d32/services/firebaseapphosting.googleapis.com 200
[debug] [2025-11-02T11:12:15.275Z] <<< [apiv2][body] GET https://serviceusage.googleapis.com/v1/projects/yasin-portfolio-15377858-36d32/services/firebaseapphosting.googleapis.com [omitted]
[debug] [2025-11-02T11:12:15.276Z] <<< [apiv2][status] GET https://serviceusage.googleapis.com/v1/projects/yasin-portfolio-15377858-36d32/services/firebaseio.com 403
[debug] [2025-11-02T11:12:15.276Z] <<< [apiv2][body] GET https://serviceusage.googleapis.com/v1/projects/yasin-portfolio-15377858-36d32/services/firebaseio.com [omitted]
[debug] [2025-11-02T11:12:15.283Z] <<< [apiv2][status] GET https://serviceusage.googleapis.com/v1/projects/yasin-portfolio-15377858-36d32/services/firebaseremoteconfig.googleapis.com 200
[debug] [2025-11-02T11:12:15.283Z] <<< [apiv2][body] GET https://serviceusage.googleapis.com/v1/projects/yasin-portfolio-15377858-36d32/services/firebaseremoteconfig.googleapis.com [omitted]
[debug] [2025-11-02T11:12:15.302Z] <<< [apiv2][status] GET https://serviceusage.googleapis.com/v1/projects/yasin-portfolio-15377858-36d32/services/firebaseremoteconfig.googleapis.com 200
[debug] [2025-11-02T11:12:15.302Z] <<< [apiv2][body] GET https://serviceusage.googleapis.com/v1/projects/yasin-portfolio-15377858-36d32/services/firebaseremoteconfig.googleapis.com [omitted]
[debug] [2025-11-02T11:12:15.335Z] <<< [apiv2][status] GET https://serviceusage.googleapis.com/v1/projects/yasin-portfolio-15377858-36d32/services/identitytoolkit.googleapis.com 200
[debug] [2025-11-02T11:12:15.335Z] <<< [apiv2][body] GET https://serviceusage.googleapis.com/v1/projects/yasin-portfolio-15377858-36d32/services/identitytoolkit.googleapis.com [omitted]
[error] Failed to fetch Firebase Project from Studio Workspace because WORKSPACE_SLUG environment variable is empty
[error] Failed to fetch Firebase Project from Studio Workspace because WORKSPACE_SLUG environment variable is empty
[error] Failed to fetch Firebase Project from Studio Workspace because WORKSPACE_SLUG environment variable is empty
[debug] [2025-11-02T11:12:15.366Z] > command requires scopes: ["email","openid","https://www.googleapis.com/auth/cloudplatformprojects.readonly","https://www.googleapis.com/auth/firebase","https://www.googleapis.com/auth/cloud-platform","https://www.googleapis.com/auth/userinfo.email"]
[debug] [2025-11-02T11:12:15.367Z] > authorizing via signed-in user (mohammadyasin9064@gmail.com)
[error] Failed to fetch Firebase Project from Studio Workspace because WORKSPACE_SLUG environment variable is empty
[debug] [2025-11-02T11:12:15.369Z] > command requires scopes: ["email","openid","https://www.googleapis.com/auth/cloudplatformprojects.readonly","https://www.googleapis.com/auth/firebase","https://www.googleapis.com/auth/cloud-platform","https://www.googleapis.com/auth/userinfo.email"]
[debug] [2025-11-02T11:12:15.369Z] > authorizing via signed-in user (mohammadyasin9064@gmail.com)
[error] Failed to fetch Firebase Project from Studio Workspace because WORKSPACE_SLUG environment variable is empty
[error] Failed to fetch Firebase Project from Studio Workspace because WORKSPACE_SLUG environment variable is empty
[error] Failed to fetch Firebase Project from Studio Workspace because WORKSPACE_SLUG environment variable is empty
[debug] [2025-11-02T11:12:15.396Z] > command requires scopes: ["email","openid","https://www.googleapis.com/auth/cloudplatformprojects.readonly","https://www.googleapis.com/auth/firebase","https://www.googleapis.com/auth/cloud-platform","https://www.googleapis.com/auth/userinfo.email"]
[debug] [2025-11-02T11:12:15.397Z] > authorizing via signed-in user (mohammadyasin9064@gmail.com)
[error] Failed to fetch Firebase Project from Studio Workspace because WORKSPACE_SLUG environment variable is empty
[debug] [2025-11-02T11:12:15.405Z] > command requires scopes: ["email","openid","https://www.googleapis.com/auth/cloudplatformprojects.readonly","https://www.googleapis.com/auth/firebase","https://www.googleapis.com/auth/cloud-platform","https://www.googleapis.com/auth/userinfo.email"]
[debug] [2025-11-02T11:12:15.405Z] > authorizing via signed-in user (mohammadyasin9064@gmail.com)
[error] Failed to fetch Firebase Project from Studio Workspace because WORKSPACE_SLUG environment variable is empty
[error] Failed to fetch Firebase Project from Studio Workspace because WORKSPACE_SLUG environment variable is empty
[error] Failed to fetch Firebase Project from Studio Workspace because WORKSPACE_SLUG environment variable is empty
[debug] [2025-11-02T11:12:15.416Z] > command requires scopes: ["email","openid","https://www.googleapis.com/auth/cloudplatformprojects.readonly","https://www.googleapis.com/auth/firebase","https://www.googleapis.com/auth/cloud-platform","https://www.googleapis.com/auth/userinfo.email"]
[debug] [2025-11-02T11:12:15.416Z] > authorizing via signed-in user (mohammadyasin9064@gmail.com)
[error] Failed to fetch Firebase Project from Studio Workspace because WORKSPACE_SLUG environment variable is empty
[debug] [2025-11-02T11:12:15.418Z] > command requires scopes: ["email","openid","https://www.googleapis.com/auth/cloudplatformprojects.readonly","https://www.googleapis.com/auth/firebase","https://www.googleapis.com/auth/cloud-platform","https://www.googleapis.com/auth/userinfo.email"]
[debug] [2025-11-02T11:12:15.418Z] > authorizing via signed-in user (mohammadyasin9064@gmail.com)
[error] Failed to fetch Firebase Project from Studio Workspace because WORKSPACE_SLUG environment variable is empty
[error] Failed to fetch Firebase Project from Studio Workspace because WORKSPACE_SLUG environment variable is empty
[error] Failed to fetch Firebase Project from Studio Workspace because WORKSPACE_SLUG environment variable is empty
[error] Failed to fetch Firebase Project from Studio Workspace because WORKSPACE_SLUG environment variable is empty
[debug] [2025-11-02T11:20:28.528Z] > command requires scopes: ["email","openid","https://www.googleapis.com/auth/cloudplatformprojects.readonly","https://www.googleapis.com/auth/firebase","https://www.googleapis.com/auth/cloud-platform","https://www.googleapis.com/auth/userinfo.email"]
[debug] [2025-11-02T11:20:28.530Z] > authorizing via signed-in user (mohammadyasin9064@gmail.com)
[debug] [2025-11-02T11:20:28.538Z] No OAuth tokens found
[debug] [2025-11-02T11:20:28.539Z] No OAuth tokens found
[debug] [2025-11-02T11:20:28.539Z] > command requires scopes: ["email","openid","https://www.googleapis.com/auth/cloudplatformprojects.readonly","https://www.googleapis.com/auth/firebase","https://www.googleapis.com/auth/cloud-platform","https://www.googleapis.com/auth/userinfo.email"]
[debug] [2025-11-02T11:20:28.539Z] > authorizing via signed-in user (mohammadyasin9064@gmail.com)
[debug] [2025-11-02T11:20:28.540Z] No OAuth tokens found
[debug] [2025-11-02T11:20:28.540Z] No OAuth tokens found
[debug] [2025-11-02T11:20:28.541Z] > command requires scopes: ["email","openid","https://www.googleapis.com/auth/cloudplatformprojects.readonly","https://www.googleapis.com/auth/firebase","https://www.googleapis.com/auth/cloud-platform","https://www.googleapis.com/auth/userinfo.email"]
[debug] [2025-11-02T11:20:28.541Z] > authorizing via signed-in user (mohammadyasin9064@gmail.com)
[debug] [2025-11-02T11:20:28.549Z] No OAuth tokens found
[debug] [2025-11-02T11:20:28.550Z] No OAuth tokens found
[debug] [2025-11-02T11:20:28.550Z] > command requires scopes: ["email","openid","https://www.googleapis.com/auth/cloudplatformprojects.readonly","https://www.googleapis.com/auth/firebase","https://www.googleapis.com/auth/cloud-platform","https://www.googleapis.com/auth/userinfo.email"]
[debug] [2025-11-02T11:20:28.550Z] > authorizing via signed-in user (mohammadyasin9064@gmail.com)
[debug] [2025-11-02T11:20:28.551Z] No OAuth tokens found
[debug] [2025-11-02T11:20:28.551Z] No OAuth tokens found
[debug] [2025-11-02T11:20:28.551Z] > command requires scopes: ["email","openid","https://www.googleapis.com/auth/cloudplatformprojects.readonly","https://www.googleapis.com/auth/firebase","https://www.googleapis.com/auth/cloud-platform","https://www.googleapis.com/auth/userinfo.email"]
[debug] [2025-11-02T11:20:28.551Z] > authorizing via signed-in user (mohammadyasin9064@gmail.com)
[debug] [2025-11-02T11:20:28.551Z] > command requires scopes: ["email","openid","https://www.googleapis.com/auth/cloudplatformprojects.readonly","https://www.googleapis.com/auth/firebase","https://www.googleapis.com/auth/cloud-platform","https://www.googleapis.com/auth/userinfo.email"]
[debug] [2025-11-02T11:20:28.551Z] > authorizing via signed-in user (mohammadyasin9064@gmail.com)
[debug] [2025-11-02T11:20:28.554Z] No OAuth tokens found
[debug] [2025-11-02T11:20:28.555Z] No OAuth tokens found
[debug] [2025-11-02T11:20:28.555Z] > command requires scopes: ["email","openid","https://www.googleapis.com/auth/cloudplatformprojects.readonly","https://www.googleapis.com/auth/firebase","https://www.googleapis.com/auth/cloud-platform","https://www.googleapis.com/auth/userinfo.email"]
[debug] [2025-11-02T11:20:28.555Z] > authorizing via signed-in user (mohammadyasin9064@gmail.com)
[debug] [2025-11-02T11:20:28.555Z] No OAuth tokens found
[debug] [2025-11-02T11:20:28.557Z] No OAuth tokens found
[debug] [2025-11-02T11:20:28.557Z] > command requires scopes: ["email","openid","https://www.googleapis.com/auth/cloudplatformprojects.readonly","https://www.googleapis.com/auth/firebase","https://www.googleapis.com/auth/cloud-platform","https://www.googleapis.com/auth/userinfo.email"]
[debug] [2025-11-02T11:20:28.557Z] > authorizing via signed-in user (mohammadyasin9064@gmail.com)
[debug] [2025-11-02T11:20:28.559Z] No OAuth tokens found
[debug] [2025-11-02T11:20:28.559Z] No OAuth tokens found
[debug] [2025-11-02T11:20:28.560Z] > command requires scopes: ["email","openid","https://www.googleapis.com/auth/cloudplatformprojects.readonly","https://www.googleapis.com/auth/firebase","https://www.googleapis.com/auth/cloud-platform","https://www.googleapis.com/auth/userinfo.email"]
[debug] [2025-11-02T11:20:28.560Z] > authorizing via signed-in user (mohammadyasin9064@gmail.com)
[debug] [2025-11-02T11:20:28.560Z] No OAuth tokens found
[debug] [2025-11-02T11:20:28.560Z] No OAuth tokens found
[debug] [2025-11-02T11:20:28.560Z] > command requires scopes: ["email","openid","https://www.googleapis.com/auth/cloudplatformprojects.readonly","https://www.googleapis.com/auth/firebase","https://www.googleapis.com/auth/cloud-platform","https://www.googleapis.com/auth/userinfo.email"]
[debug] [2025-11-02T11:20:28.560Z] > authorizing via signed-in user (mohammadyasin9064@gmail.com)
[debug] [2025-11-02T11:20:28.563Z] >>> [apiv2][query] GET https://serviceusage.googleapis.com/v1/projects/yasin-portfolio-15377858-36d32/services/firebasedataconnect.googleapis.com [none]
[debug] [2025-11-02T11:20:28.563Z] >>> [apiv2][(partial)header] GET https://serviceusage.googleapis.com/v1/projects/yasin-portfolio-15377858-36d32/services/firebasedataconnect.googleapis.com x-goog-quota-user=projects/yasin-portfolio-15377858-36d32
[debug] [2025-11-02T11:20:28.602Z] >>> [apiv2][query] GET https://serviceusage.googleapis.com/v1/projects/yasin-portfolio-15377858-36d32/services/cloudfunctions.googleapis.com [none]
[debug] [2025-11-02T11:20:28.602Z] >>> [apiv2][(partial)header] GET https://serviceusage.googleapis.com/v1/projects/yasin-portfolio-15377858-36d32/services/cloudfunctions.googleapis.com x-goog-quota-user=projects/yasin-portfolio-15377858-36d32
[debug] [2025-11-02T11:20:28.605Z] >>> [apiv2][query] GET https://serviceusage.googleapis.com/v1/projects/yasin-portfolio-15377858-36d32/services/firebaseapphosting.googleapis.com [none]
[debug] [2025-11-02T11:20:28.605Z] >>> [apiv2][(partial)header] GET https://serviceusage.googleapis.com/v1/projects/yasin-portfolio-15377858-36d32/services/firebaseapphosting.googleapis.com x-goog-quota-user=projects/yasin-portfolio-15377858-36d32
[debug] [2025-11-02T11:20:28.606Z] >>> [apiv2][query] GET https://serviceusage.googleapis.com/v1/projects/yasin-portfolio-15377858-36d32/services/firebaseio.com [none]
[debug] [2025-11-02T11:20:28.606Z] >>> [apiv2][(partial)header] GET https://serviceusage.googleapis.com/v1/projects/yasin-portfolio-15377858-36d32/services/firebaseio.com x-goog-quota-user=projects/yasin-portfolio-15377858-36d32
[debug] [2025-11-02T11:20:28.608Z] >>> [apiv2][query] GET https://serviceusage.googleapis.com/v1/projects/yasin-portfolio-15377858-36d32/services/firebasedataconnect.googleapis.com [none]
[debug] [2025-11-02T11:20:28.608Z] >>> [apiv2][(partial)header] GET https://serviceusage.googleapis.com/v1/projects/yasin-portfolio-15377858-36d32/services/firebasedataconnect.googleapis.com x-goog-quota-user=projects/yasin-portfolio-15377858-36d32
[debug] [2025-11-02T11:20:28.609Z] >>> [apiv2][query] GET https://serviceusage.googleapis.com/v1/projects/yasin-portfolio-15377858-36d32/services/cloudfunctions.googleapis.com [none]
[debug] [2025-11-02T11:20:28.609Z] >>> [apiv2][(partial)header] GET https://serviceusage.googleapis.com/v1/projects/yasin-portfolio-15377858-36d32/services/cloudfunctions.googleapis.com x-goog-quota-user=projects/yasin-portfolio-15377858-36d32
[debug] [2025-11-02T11:20:28.610Z] >>> [apiv2][query] GET https://serviceusage.googleapis.com/v1/projects/yasin-portfolio-15377858-36d32/services/firebaseapphosting.googleapis.com [none]
[debug] [2025-11-02T11:20:28.610Z] >>> [apiv2][(partial)header] GET https://serviceusage.googleapis.com/v1/projects/yasin-portfolio-15377858-36d32/services/firebaseapphosting.googleapis.com x-goog-quota-user=projects/yasin-portfolio-15377858-36d32
[debug] [2025-11-02T11:20:28.612Z] >>> [apiv2][query] GET https://serviceusage.googleapis.com/v1/projects/yasin-portfolio-15377858-36d32/services/firebaseio.com [none]
[debug] [2025-11-02T11:20:28.612Z] >>> [apiv2][(partial)header] GET https://serviceusage.googleapis.com/v1/projects/yasin-portfolio-15377858-36d32/services/firebaseio.com x-goog-quota-user=projects/yasin-portfolio-15377858-36d32
[debug] [2025-11-02T11:20:29.641Z] <<< [apiv2][status] GET https://serviceusage.googleapis.com/v1/projects/yasin-portfolio-15377858-36d32/services/firebaseio.com 403
[debug] [2025-11-02T11:20:29.641Z] <<< [apiv2][body] GET https://serviceusage.googleapis.com/v1/projects/yasin-portfolio-15377858-36d32/services/firebaseio.com [omitted]
[debug] [2025-11-02T11:20:29.658Z] <<< [apiv2][status] GET https://serviceusage.googleapis.com/v1/projects/yasin-portfolio-15377858-36d32/services/firebaseio.com 403
[debug] [2025-11-02T11:20:29.658Z] <<< [apiv2][body] GET https://serviceusage.googleapis.com/v1/projects/yasin-portfolio-15377858-36d32/services/firebaseio.com [omitted]
[debug] [2025-11-02T11:20:29.698Z] <<< [apiv2][status] GET https://serviceusage.googleapis.com/v1/projects/yasin-portfolio-15377858-36d32/services/firebaseapphosting.googleapis.com 200
[debug] [2025-11-02T11:20:29.701Z] <<< [apiv2][body] GET https://serviceusage.googleapis.com/v1/projects/yasin-portfolio-15377858-36d32/services/firebaseapphosting.googleapis.com [omitted]
[debug] [2025-11-02T11:20:29.702Z] <<< [apiv2][status] GET https://serviceusage.googleapis.com/v1/projects/yasin-portfolio-15377858-36d32/services/firebasedataconnect.googleapis.com 200
[debug] [2025-11-02T11:20:29.703Z] <<< [apiv2][body] GET https://serviceusage.googleapis.com/v1/projects/yasin-portfolio-15377858-36d32/services/firebasedataconnect.googleapis.com [omitted]
[debug] [2025-11-02T11:20:29.710Z] <<< [apiv2][status] GET https://serviceusage.googleapis.com/v1/projects/yasin-portfolio-15377858-36d32/services/firebaseapphosting.googleapis.com 200
[debug] [2025-11-02T11:20:29.710Z] <<< [apiv2][body] GET https://serviceusage.googleapis.com/v1/projects/yasin-portfolio-15377858-36d32/services/firebaseapphosting.googleapis.com [omitted]
[debug] [2025-11-02T11:20:29.713Z] <<< [apiv2][status] GET https://serviceusage.googleapis.com/v1/projects/yasin-portfolio-15377858-36d32/services/cloudfunctions.googleapis.com 200
[debug] [2025-11-02T11:20:29.713Z] <<< [apiv2][body] GET https://serviceusage.googleapis.com/v1/projects/yasin-portfolio-15377858-36d32/services/cloudfunctions.googleapis.com [omitted]
[error] Failed to fetch Firebase Project from Studio Workspace because WORKSPACE_SLUG environment variable is empty
[error] Failed to fetch Firebase Project from Studio Workspace because WORKSPACE_SLUG environment variable is empty
[error] Failed to fetch Firebase Project from Studio Workspace because WORKSPACE_SLUG environment variable is empty
[debug] [2025-11-02T11:20:29.723Z] > command requires scopes: ["email","openid","https://www.googleapis.com/auth/cloudplatformprojects.readonly","https://www.googleapis.com/auth/firebase","https://www.googleapis.com/auth/cloud-platform","https://www.googleapis.com/auth/userinfo.email"]
[debug] [2025-11-02T11:20:29.723Z] > authorizing via signed-in user (mohammadyasin9064@gmail.com)
[error] Failed to fetch Firebase Project from Studio Workspace because WORKSPACE_SLUG environment variable is empty
[debug] [2025-11-02T11:20:29.729Z] > command requires scopes: ["email","openid","https://www.googleapis.com/auth/cloudplatformprojects.readonly","https://www.googleapis.com/auth/firebase","https://www.googleapis.com/auth/cloud-platform","https://www.googleapis.com/auth/userinfo.email"]
[debug] [2025-11-02T11:20:29.729Z] > authorizing via signed-in user (mohammadyasin9064@gmail.com)
[debug] [2025-11-02T11:20:29.730Z] <<< [apiv2][status] GET https://serviceusage.googleapis.com/v1/projects/yasin-portfolio-15377858-36d32/services/firebasedataconnect.googleapis.com 200
[debug] [2025-11-02T11:20:29.730Z] <<< [apiv2][body] GET https://serviceusage.googleapis.com/v1/projects/yasin-portfolio-15377858-36d32/services/firebasedataconnect.googleapis.com [omitted]
[debug] [2025-11-02T11:20:29.733Z] <<< [apiv2][status] GET https://serviceusage.googleapis.com/v1/projects/yasin-portfolio-15377858-36d32/services/cloudfunctions.googleapis.com 200
[debug] [2025-11-02T11:20:29.733Z] <<< [apiv2][body] GET https://serviceusage.googleapis.com/v1/projects/yasin-portfolio-15377858-36d32/services/cloudfunctions.googleapis.com [omitted]
[error] Failed to fetch Firebase Project from Studio Workspace because WORKSPACE_SLUG environment variable is empty
[error] Failed to fetch Firebase Project from Studio Workspace because WORKSPACE_SLUG environment variable is empty
[error] Failed to fetch Firebase Project from Studio Workspace because WORKSPACE_SLUG environment variable is empty
[debug] [2025-11-02T11:20:29.763Z] > command requires scopes: ["email","openid","https://www.googleapis.com/auth/cloudplatformprojects.readonly","https://www.googleapis.com/auth/firebase","https://www.googleapis.com/auth/cloud-platform","https://www.googleapis.com/auth/userinfo.email"]
[debug] [2025-11-02T11:20:29.768Z] > authorizing via signed-in user (mohammadyasin9064@gmail.com)
[error] Failed to fetch Firebase Project from Studio Workspace because WORKSPACE_SLUG environment variable is empty
[debug] [2025-11-02T11:20:29.773Z] > command requires scopes: ["email","openid","https://www.googleapis.com/auth/cloudplatformprojects.readonly","https://www.googleapis.com/auth/firebase","https://www.googleapis.com/auth/cloud-platform","https://www.googleapis.com/auth/userinfo.email"]
[debug] [2025-11-02T11:20:29.773Z] > authorizing via signed-in user (mohammadyasin9064@gmail.com)
[error] Failed to fetch Firebase Project from Studio Workspace because WORKSPACE_SLUG environment variable is empty
[error] Failed to fetch Firebase Project from Studio Workspace because WORKSPACE_SLUG environment variable is empty
[error] Failed to fetch Firebase Project from Studio Workspace because WORKSPACE_SLUG environment variable is empty
[debug] [2025-11-02T11:20:29.780Z] > command requires scopes: ["email","openid","https://www.googleapis.com/auth/cloudplatformprojects.readonly","https://www.googleapis.com/auth/firebase","https://www.googleapis.com/auth/cloud-platform","https://www.googleapis.com/auth/userinfo.email"]
[debug] [2025-11-02T11:20:29.780Z] > authorizing via signed-in user (mohammadyasin9064@gmail.com)
[error] Failed to fetch Firebase Project from Studio Workspace because WORKSPACE_SLUG environment variable is empty
[debug] [2025-11-02T11:20:29.782Z] > command requires scopes: ["email","openid","https://www.googleapis.com/auth/cloudplatformprojects.readonly","https://www.googleapis.com/auth/firebase","https://www.googleapis.com/auth/cloud-platform","https://www.googleapis.com/auth/userinfo.email"]
[debug] [2025-11-02T11:20:29.782Z] > authorizing via signed-in user (mohammadyasin9064@gmail.com)
[error] Failed to fetch Firebase Project from Studio Workspace because WORKSPACE_SLUG environment variable is empty
[error] Failed to fetch Firebase Project from Studio Workspace because WORKSPACE_SLUG environment variable is empty
[error] Failed to fetch Firebase Project from Studio Workspace because WORKSPACE_SLUG environment variable is empty
[error] Failed to fetch Firebase Project from Studio Workspace because WORKSPACE_SLUG environment variable is empty
[debug] [2025-11-02T11:46:49.671Z] > command requires scopes: ["email","openid","https://www.googleapis.com/auth/cloudplatformprojects.readonly","https://www.googleapis.com/auth/firebase","https://www.googleapis.com/auth/cloud-platform","https://www.googleapis.com/auth/userinfo.email"]
[debug] [2025-11-02T11:46:49.672Z] > authorizing via signed-in user (mohammadyasin9064@gmail.com)
[debug] [2025-11-02T11:46:49.696Z] No OAuth tokens found
[debug] [2025-11-02T11:46:49.697Z] No OAuth tokens found
[debug] [2025-11-02T11:46:49.697Z] > command requires scopes: ["email","openid","https://www.googleapis.com/auth/cloudplatformprojects.readonly","https://www.googleapis.com/auth/firebase","https://www.googleapis.com/auth/cloud-platform","https://www.googleapis.com/auth/userinfo.email"]
[debug] [2025-11-02T11:46:49.698Z] > authorizing via signed-in user (mohammadyasin9064@gmail.com)
[debug] [2025-11-02T11:46:49.699Z] No OAuth tokens found
[debug] [2025-11-02T11:46:49.699Z] No OAuth tokens found
[debug] [2025-11-02T11:46:49.699Z] > command requires scopes: ["email","openid","https://www.googleapis.com/auth/cloudplatformprojects.readonly","https://www.googleapis.com/auth/firebase","https://www.googleapis.com/auth/cloud-platform","https://www.googleapis.com/auth/userinfo.email"]
[debug] [2025-11-02T11:46:49.699Z] > authorizing via signed-in user (mohammadyasin9064@gmail.com)
[debug] [2025-11-02T11:46:49.709Z] No OAuth tokens found
[debug] [2025-11-02T11:46:49.709Z] No OAuth tokens found
[debug] [2025-11-02T11:46:49.710Z] > command requires scopes: ["email","openid","https://www.googleapis.com/auth/cloudplatformprojects.readonly","https://www.googleapis.com/auth/firebase","https://www.googleapis.com/auth/cloud-platform","https://www.googleapis.com/auth/userinfo.email"]
[debug] [2025-11-02T11:46:49.710Z] > authorizing via signed-in user (mohammadyasin9064@gmail.com)
[debug] [2025-11-02T11:46:49.711Z] No OAuth tokens found
[debug] [2025-11-02T11:46:49.711Z] No OAuth tokens found
[debug] [2025-11-02T11:46:49.711Z] > command requires scopes: ["email","openid","https://www.googleapis.com/auth/cloudplatformprojects.readonly","https://www.googleapis.com/auth/firebase","https://www.googleapis.com/auth/cloud-platform","https://www.googleapis.com/auth/userinfo.email"]
[debug] [2025-11-02T11:46:49.711Z] > authorizing via signed-in user (mohammadyasin9064@gmail.com)
[debug] [2025-11-02T11:46:49.712Z] > command requires scopes: ["email","openid","https://www.googleapis.com/auth/cloudplatformprojects.readonly","https://www.googleapis.com/auth/firebase","https://www.googleapis.com/auth/cloud-platform","https://www.googleapis.com/auth/userinfo.email"]
[debug] [2025-11-02T11:46:49.712Z] > authorizing via signed-in user (mohammadyasin9064@gmail.com)
[debug] [2025-11-02T11:46:49.713Z] No OAuth tokens found
[debug] [2025-11-02T11:46:49.713Z] No OAuth tokens found
[debug] [2025-11-02T11:46:49.713Z] > command requires scopes: ["email","openid","https://www.googleapis.com/auth/cloudplatformprojects.readonly","https://www.googleapis.com/auth/firebase","https://www.googleapis.com/auth/cloud-platform","https://www.googleapis.com/auth/userinfo.email"]
[debug] [2025-11-02T11:46:49.713Z] > authorizing via signed-in user (mohammadyasin9064@gmail.com)
[debug] [2025-11-02T11:46:49.713Z] No OAuth tokens found
[debug] [2025-11-02T11:46:49.714Z] No OAuth tokens found
[debug] [2025-11-02T11:46:49.714Z] > command requires scopes: ["email","openid","https://www.googleapis.com/auth/cloudplatformprojects.readonly","https://www.googleapis.com/auth/firebase","https://www.googleapis.com/auth/cloud-platform","https://www.googleapis.com/auth/userinfo.email"]
[debug] [2025-11-02T11:46:49.714Z] > authorizing via signed-in user (mohammadyasin9064@gmail.com)
[debug] [2025-11-02T11:46:49.716Z] No OAuth tokens found
[debug] [2025-11-02T11:46:49.716Z] No OAuth tokens found
[debug] [2025-11-02T11:46:49.716Z] > command requires scopes: ["email","openid","https://www.googleapis.com/auth/cloudplatformprojects.readonly","https://www.googleapis.com/auth/firebase","https://www.googleapis.com/auth/cloud-platform","https://www.googleapis.com/auth/userinfo.email"]
[debug] [2025-11-02T11:46:49.717Z] > authorizing via signed-in user (mohammadyasin9064@gmail.com)
[debug] [2025-11-02T11:46:49.717Z] No OAuth tokens found
[debug] [2025-11-02T11:46:49.717Z] No OAuth tokens found
[debug] [2025-11-02T11:46:49.717Z] > command requires scopes: ["email","openid","https://www.googleapis.com/auth/cloudplatformprojects.readonly","https://www.googleapis.com/auth/firebase","https://www.googleapis.com/auth/cloud-platform","https://www.googleapis.com/auth/userinfo.email"]
[debug] [2025-11-02T11:46:49.717Z] > authorizing via signed-in user (mohammadyasin9064@gmail.com)
[debug] [2025-11-02T11:46:49.719Z] >>> [apiv2][query] GET https://serviceusage.googleapis.com/v1/projects/yasin-portfolio-15377858-36d32/services/firebasedataconnect.googleapis.com [none]
[debug] [2025-11-02T11:46:49.720Z] >>> [apiv2][(partial)header] GET https://serviceusage.googleapis.com/v1/projects/yasin-portfolio-15377858-36d32/services/firebasedataconnect.googleapis.com x-goog-quota-user=projects/yasin-portfolio-15377858-36d32
[debug] [2025-11-02T11:46:49.758Z] >>> [apiv2][query] GET https://serviceusage.googleapis.com/v1/projects/yasin-portfolio-15377858-36d32/services/cloudfunctions.googleapis.com [none]
[debug] [2025-11-02T11:46:49.758Z] >>> [apiv2][(partial)header] GET https://serviceusage.googleapis.com/v1/projects/yasin-portfolio-15377858-36d32/services/cloudfunctions.googleapis.com x-goog-quota-user=projects/yasin-portfolio-15377858-36d32
[debug] [2025-11-02T11:46:49.760Z] >>> [apiv2][query] GET https://serviceusage.googleapis.com/v1/projects/yasin-portfolio-15377858-36d32/services/firebaseapphosting.googleapis.com [none]
[debug] [2025-11-02T11:46:49.760Z] >>> [apiv2][(partial)header] GET https://serviceusage.googleapis.com/v1/projects/yasin-portfolio-15377858-36d32/services/firebaseapphosting.googleapis.com x-goog-quota-user=projects/yasin-portfolio-15377858-36d32
[debug] [2025-11-02T11:46:49.762Z] >>> [apiv2][query] GET https://serviceusage.googleapis.com/v1/projects/yasin-portfolio-15377858-36d32/services/firebaseio.com [none]
[debug] [2025-11-02T11:46:49.762Z] >>> [apiv2][(partial)header] GET https://serviceusage.googleapis.com/v1/projects/yasin-portfolio-15377858-36d32/services/firebaseio.com x-goog-quota-user=projects/yasin-portfolio-15377858-36d32
[debug] [2025-11-02T11:46:49.763Z] >>> [apiv2][query] GET https://serviceusage.googleapis.com/v1/projects/yasin-portfolio-15377858-36d32/services/firebasedataconnect.googleapis.com [none]
[debug] [2025-11-02T11:46:49.763Z] >>> [apiv2][(partial)header] GET https://serviceusage.googleapis.com/v1/projects/yasin-portfolio-15377858-36d32/services/firebasedataconnect.googleapis.com x-goog-quota-user=projects/yasin-portfolio-15377858-36d32
[debug] [2025-11-02T11:46:49.765Z] >>> [apiv2][query] GET https://serviceusage.googleapis.com/v1/projects/yasin-portfolio-15377858-36d32/services/cloudfunctions.googleapis.com [none]
[debug] [2025-11-02T11:46:49.765Z] >>> [apiv2][(partial)header] GET https://serviceusage.googleapis.com/v1/projects/yasin-portfolio-15377858-36d32/services/cloudfunctions.googleapis.com x-goog-quota-user=projects/yasin-portfolio-15377858-36d32
[debug] [2025-11-02T11:46:49.766Z] >>> [apiv2][query] GET https://serviceusage.googleapis.com/v1/projects/yasin-portfolio-15377858-36d32/services/firebaseapphosting.googleapis.com [none]
[debug] [2025-11-02T11:46:49.766Z] >>> [apiv2][(partial)header] GET https://serviceusage.googleapis.com/v1/projects/yasin-portfolio-15377858-36d32/services/firebaseapphosting.googleapis.com x-goog-quota-user=projects/yasin-portfolio-15377858-36d32
[debug] [2025-11-02T11:46:49.767Z] >>> [apiv2][query] GET https://serviceusage.googleapis.com/v1/projects/yasin-portfolio-15377858-36d32/services/firebaseio.com [none]
[debug] [2025-11-02T11:46:49.767Z] >>> [apiv2][(partial)header] GET https://serviceusage.googleapis.com/v1/projects/yasin-portfolio-15377858-36d32/services/firebaseio.com x-goog-quota-user=projects/yasin-portfolio-15377858-36d32
[debug] [2025-11-02T11:46:50.801Z] <<< [apiv2][status] GET https://serviceusage.googleapis.com/v1/projects/yasin-portfolio-15377858-36d32/services/firebaseio.com 403
[debug] [2025-11-02T11:46:50.801Z] <<< [apiv2][body] GET https://serviceusage.googleapis.com/v1/projects/yasin-portfolio-15377858-36d32/services/firebaseio.com [omitted]
[debug] [2025-11-02T11:46:50.821Z] <<< [apiv2][status] GET https://serviceusage.googleapis.com/v1/projects/yasin-portfolio-15377858-36d32/services/cloudfunctions.googleapis.com 200
[debug] [2025-11-02T11:46:50.821Z] <<< [apiv2][body] GET https://serviceusage.googleapis.com/v1/projects/yasin-portfolio-15377858-36d32/services/cloudfunctions.googleapis.com [omitted]
[debug] [2025-11-02T11:46:50.825Z] <<< [apiv2][status] GET https://serviceusage.googleapis.com/v1/projects/yasin-portfolio-15377858-36d32/services/firebasedataconnect.googleapis.com 200
[debug] [2025-11-02T11:46:50.825Z] <<< [apiv2][body] GET https://serviceusage.googleapis.com/v1/projects/yasin-portfolio-15377858-36d32/services/firebasedataconnect.googleapis.com [omitted]
[debug] [2025-11-02T11:46:50.827Z] <<< [apiv2][status] GET https://serviceusage.googleapis.com/v1/projects/yasin-portfolio-15377858-36d32/services/firebaseio.com 403
[debug] [2025-11-02T11:46:50.828Z] <<< [apiv2][body] GET https://serviceusage.googleapis.com/v1/projects/yasin-portfolio-15377858-36d32/services/firebaseio.com [omitted]
[debug] [2025-11-02T11:46:50.832Z] <<< [apiv2][status] GET https://serviceusage.googleapis.com/v1/projects/yasin-portfolio-15377858-36d32/services/firebasedataconnect.googleapis.com 200
[debug] [2025-11-02T11:46:50.832Z] <<< [apiv2][body] GET https://serviceusage.googleapis.com/v1/projects/yasin-portfolio-15377858-36d32/services/firebasedataconnect.googleapis.com [omitted]
[debug] [2025-11-02T11:46:50.850Z] <<< [apiv2][status] GET https://serviceusage.googleapis.com/v1/projects/yasin-portfolio-15377858-36d32/services/firebaseapphosting.googleapis.com 200
[debug] [2025-11-02T11:46:50.850Z] <<< [apiv2][body] GET https://serviceusage.googleapis.com/v1/projects/yasin-portfolio-15377858-36d32/services/firebaseapphosting.googleapis.com [omitted]
[error] Failed to fetch Firebase Project from Studio Workspace because WORKSPACE_SLUG environment variable is empty
[error] Failed to fetch Firebase Project from Studio Workspace because WORKSPACE_SLUG environment variable is empty
[error] Failed to fetch Firebase Project from Studio Workspace because WORKSPACE_SLUG environment variable is empty
[debug] [2025-11-02T11:46:50.854Z] > command requires scopes: ["email","openid","https://www.googleapis.com/auth/cloudplatformprojects.readonly","https://www.googleapis.com/auth/firebase","https://www.googleapis.com/auth/cloud-platform","https://www.googleapis.com/auth/userinfo.email"]
[debug] [2025-11-02T11:46:50.857Z] > authorizing via signed-in user (mohammadyasin9064@gmail.com)
[error] Failed to fetch Firebase Project from Studio Workspace because WORKSPACE_SLUG environment variable is empty
[debug] [2025-11-02T11:46:50.858Z] > command requires scopes: ["email","openid","https://www.googleapis.com/auth/cloudplatformprojects.readonly","https://www.googleapis.com/auth/firebase","https://www.googleapis.com/auth/cloud-platform","https://www.googleapis.com/auth/userinfo.email"]
[debug] [2025-11-02T11:46:50.860Z] > authorizing via signed-in user (mohammadyasin9064@gmail.com)
[debug] [2025-11-02T11:46:50.867Z] <<< [apiv2][status] GET https://serviceusage.googleapis.com/v1/projects/yasin-portfolio-15377858-36d32/services/cloudfunctions.googleapis.com 200
[debug] [2025-11-02T11:46:50.867Z] <<< [apiv2][body] GET https://serviceusage.googleapis.com/v1/projects/yasin-portfolio-15377858-36d32/services/cloudfunctions.googleapis.com [omitted]
[error] Failed to fetch Firebase Project from Studio Workspace because WORKSPACE_SLUG environment variable is empty
[error] Failed to fetch Firebase Project from Studio Workspace because WORKSPACE_SLUG environment variable is empty
[error] Failed to fetch Firebase Project from Studio Workspace because WORKSPACE_SLUG environment variable is empty
[debug] [2025-11-02T11:46:50.888Z] > command requires scopes: ["email","openid","https://www.googleapis.com/auth/cloudplatformprojects.readonly","https://www.googleapis.com/auth/firebase","https://www.googleapis.com/auth/cloud-platform","https://www.googleapis.com/auth/userinfo.email"]
[debug] [2025-11-02T11:46:50.888Z] > authorizing via signed-in user (mohammadyasin9064@gmail.com)
[error] Failed to fetch Firebase Project from Studio Workspace because WORKSPACE_SLUG environment variable is empty
[debug] [2025-11-02T11:46:50.892Z] > command requires scopes: ["email","openid","https://www.googleapis.com/auth/cloudplatformprojects.readonly","https://www.googleapis.com/auth/firebase","https://www.googleapis.com/auth/cloud-platform","https://www.googleapis.com/auth/userinfo.email"]
[debug] [2025-11-02T11:46:50.892Z] > authorizing via signed-in user (mohammadyasin9064@gmail.com)
[error] Failed to fetch Firebase Project from Studio Workspace because WORKSPACE_SLUG environment variable is empty
[error] Failed to fetch Firebase Project from Studio Workspace because WORKSPACE_SLUG environment variable is empty
[error] Failed to fetch Firebase Project from Studio Workspace because WORKSPACE_SLUG environment variable is empty
[debug] [2025-11-02T11:46:50.901Z] > command requires scopes: ["email","openid","https://www.googleapis.com/auth/cloudplatformprojects.readonly","https://www.googleapis.com/auth/firebase","https://www.googleapis.com/auth/cloud-platform","https://www.googleapis.com/auth/userinfo.email"]
[debug] [2025-11-02T11:46:50.901Z] > authorizing via signed-in user (mohammadyasin9064@gmail.com)
[error] Failed to fetch Firebase Project from Studio Workspace because WORKSPACE_SLUG environment variable is empty
[debug] [2025-11-02T11:46:50.903Z] > command requires scopes: ["email","openid","https://www.googleapis.com/auth/cloudplatformprojects.readonly","https://www.googleapis.com/auth/firebase","https://www.googleapis.com/auth/cloud-platform","https://www.googleapis.com/auth/userinfo.email"]
[debug] [2025-11-02T11:46:50.903Z] > authorizing via signed-in user (mohammadyasin9064@gmail.com)
[debug] [2025-11-02T11:46:50.909Z] <<< [apiv2][status] GET https://serviceusage.googleapis.com/v1/projects/yasin-portfolio-15377858-36d32/services/firebaseapphosting.googleapis.com 200
[debug] [2025-11-02T11:46:50.909Z] <<< [apiv2][body] GET https://serviceusage.googleapis.com/v1/projects/yasin-portfolio-15377858-36d32/services/firebaseapphosting.googleapis.com [omitted]
